{"/Users/stephen_bowman/Documents/GitHub/Script_Ohio_2.0/web_app/src/App.tsx": {"path":"/Users/stephen_bowman/Documents/GitHub/Script_Ohio_2.0/web_app/src/App.tsx","statementMap":{"0":{"start":{"line":6,"column":2},"end":{"line":9,"column":null}}},"fnMap":{"0":{"name":"App","decl":{"start":{"line":5,"column":9},"end":{"line":5,"column":15}},"loc":{"start":{"line":5,"column":15},"end":{"line":11,"column":null}}}},"branchMap":{},"s":{"0":1},"f":{"0":1},"b":{}}
,"/Users/stephen_bowman/Documents/GitHub/Script_Ohio_2.0/web_app/src/components/ErrorBoundary.tsx": {"path":"/Users/stephen_bowman/Documents/GitHub/Script_Ohio_2.0/web_app/src/components/ErrorBoundary.tsx","statementMap":{"0":{"start":{"line":32,"column":4},"end":{"line":32,"column":null}},"1":{"start":{"line":33,"column":4},"end":{"line":37,"column":null}},"2":{"start":{"line":42,"column":4},"end":{"line":46,"column":null}},"3":{"start":{"line":51,"column":4},"end":{"line":54,"column":null}},"4":{"start":{"line":57,"column":4},"end":{"line":59,"column":null}},"5":{"start":{"line":58,"column":6},"end":{"line":58,"column":null}},"6":{"start":{"line":62,"column":4},"end":{"line":64,"column":null}},"7":{"start":{"line":67,"column":16},"end":{"line":73,"column":null}},"8":{"start":{"line":68,"column":4},"end":{"line":72,"column":null}},"9":{"start":{"line":76,"column":4},"end":{"line":89,"column":null}},"10":{"start":{"line":78,"column":6},"end":{"line":80,"column":null}},"11":{"start":{"line":79,"column":8},"end":{"line":79,"column":null}},"12":{"start":{"line":82,"column":6},"end":{"line":87,"column":null}},"13":{"start":{"line":91,"column":4},"end":{"line":91,"column":null}}},"fnMap":{"0":{"name":"(anonymous_0)","decl":{"start":{"line":31,"column":2},"end":{"line":31,"column":14}},"loc":{"start":{"line":31,"column":28},"end":{"line":38,"column":null}}},"1":{"name":"(anonymous_1)","decl":{"start":{"line":40,"column":2},"end":{"line":40,"column":9}},"loc":{"start":{"line":40,"column":55},"end":{"line":47,"column":null}}},"2":{"name":"(anonymous_2)","decl":{"start":{"line":49,"column":2},"end":{"line":49,"column":20}},"loc":{"start":{"line":49,"column":56},"end":{"line":65,"column":null}}},"3":{"name":"(anonymous_3)","decl":{"start":{"line":67,"column":16},"end":{"line":67,"column":22}},"loc":{"start":{"line":67,"column":22},"end":{"line":73,"column":null}}},"4":{"name":"(anonymous_4)","decl":{"start":{"line":75,"column":2},"end":{"line":75,"column":11}},"loc":{"start":{"line":75,"column":11},"end":{"line":92,"column":null}}}},"branchMap":{"0":{"loc":{"start":{"line":57,"column":4},"end":{"line":59,"column":null}},"type":"if","locations":[{"start":{"line":57,"column":4},"end":{"line":59,"column":null}},{"start":{},"end":{}}]},"1":{"loc":{"start":{"line":76,"column":4},"end":{"line":89,"column":null}},"type":"if","locations":[{"start":{"line":76,"column":4},"end":{"line":89,"column":null}},{"start":{},"end":{}}]},"2":{"loc":{"start":{"line":78,"column":6},"end":{"line":80,"column":null}},"type":"if","locations":[{"start":{"line":78,"column":6},"end":{"line":80,"column":null}},{"start":{},"end":{}}]}},"s":{"0":1,"1":1,"2":0,"3":0,"4":0,"5":0,"6":0,"7":1,"8":0,"9":1,"10":0,"11":0,"12":0,"13":1},"f":{"0":1,"1":0,"2":0,"3":0,"4":1},"b":{"0":[0,0],"1":[0,1],"2":[0,0]}}
,"/Users/stephen_bowman/Documents/GitHub/Script_Ohio_2.0/web_app/src/components/ErrorFallback.tsx": {"path":"/Users/stephen_bowman/Documents/GitHub/Script_Ohio_2.0/web_app/src/components/ErrorFallback.tsx","statementMap":{"0":{"start":{"line":17,"column":59},"end":{"line":70,"column":null}},"1":{"start":{"line":18,"column":23},"end":{"line":20,"column":null}},"2":{"start":{"line":19,"column":4},"end":{"line":19,"column":null}},"3":{"start":{"line":22,"column":2},"end":{"line":68,"column":null}}},"fnMap":{"0":{"name":"(anonymous_0)","decl":{"start":{"line":17,"column":59},"end":{"line":17,"column":60}},"loc":{"start":{"line":17,"column":94},"end":{"line":70,"column":null}}},"1":{"name":"(anonymous_1)","decl":{"start":{"line":18,"column":23},"end":{"line":18,"column":29}},"loc":{"start":{"line":18,"column":29},"end":{"line":20,"column":null}}}},"branchMap":{"0":{"loc":{"start":{"line":36,"column":11},"end":{"line":42,"column":null}},"type":"binary-expr","locations":[{"start":{"line":36,"column":11},"end":{"line":36,"column":null}},{"start":{"line":37,"column":12},"end":{"line":42,"column":null}}]},"1":{"loc":{"start":{"line":40,"column":17},"end":{"line":40,"column":null}},"type":"binary-expr","locations":[{"start":{"line":40,"column":17},"end":{"line":40,"column":34}},{"start":{"line":40,"column":34},"end":{"line":40,"column":null}}]},"2":{"loc":{"start":{"line":45,"column":11},"end":{"line":53,"column":null}},"type":"binary-expr","locations":[{"start":{"line":45,"column":11},"end":{"line":45,"column":53}},{"start":{"line":45,"column":53},"end":{"line":45,"column":null}},{"start":{"line":46,"column":12},"end":{"line":53,"column":null}}]},"3":{"loc":{"start":{"line":57,"column":13},"end":{"line":60,"column":null}},"type":"binary-expr","locations":[{"start":{"line":57,"column":13},"end":{"line":57,"column":null}},{"start":{"line":58,"column":14},"end":{"line":60,"column":null}}]}},"s":{"0":1,"1":0,"2":0,"3":0},"f":{"0":0,"1":0},"b":{"0":[0,0],"1":[0,0],"2":[0,0,0],"3":[0,0]}}
,"/Users/stephen_bowman/Documents/GitHub/Script_Ohio_2.0/web_app/src/components/ImprovedPredictionsView.tsx": {"path":"/Users/stephen_bowman/Documents/GitHub/Script_Ohio_2.0/web_app/src/components/ImprovedPredictionsView.tsx","statementMap":{"0":{"start":{"line":30,"column":40},"end":{"line":30,"column":null}},"1":{"start":{"line":31,"column":32},"end":{"line":31,"column":null}},"2":{"start":{"line":32,"column":30},"end":{"line":32,"column":null}},"3":{"start":{"line":34,"column":2},"end":{"line":36,"column":null}},"4":{"start":{"line":35,"column":4},"end":{"line":35,"column":null}},"5":{"start":{"line":38,"column":34},"end":{"line":51,"column":null}},"6":{"start":{"line":39,"column":4},"end":{"line":50,"column":null}},"7":{"start":{"line":40,"column":6},"end":{"line":40,"column":null}},"8":{"start":{"line":41,"column":23},"end":{"line":41,"column":null}},"9":{"start":{"line":42,"column":6},"end":{"line":45,"column":null}},"10":{"start":{"line":43,"column":21},"end":{"line":43,"column":null}},"11":{"start":{"line":44,"column":8},"end":{"line":44,"column":null}},"12":{"start":{"line":47,"column":6},"end":{"line":47,"column":null}},"13":{"start":{"line":49,"column":6},"end":{"line":49,"column":null}},"14":{"start":{"line":53,"column":29},"end":{"line":60,"column":null}},"15":{"start":{"line":54,"column":4},"end":{"line":59,"column":null}},"16":{"start":{"line":55,"column":19},"end":{"line":55,"column":null}},"17":{"start":{"line":56,"column":23},"end":{"line":56,"column":null}},"18":{"start":{"line":57,"column":18},"end":{"line":57,"column":null}},"19":{"start":{"line":58,"column":15},"end":{"line":58,"column":null}},"20":{"start":{"line":62,"column":28},"end":{"line":69,"column":null}},"21":{"start":{"line":63,"column":4},"end":{"line":68,"column":null}},"22":{"start":{"line":64,"column":19},"end":{"line":64,"column":null}},"23":{"start":{"line":65,"column":23},"end":{"line":65,"column":null}},"24":{"start":{"line":66,"column":18},"end":{"line":66,"column":null}},"25":{"start":{"line":67,"column":15},"end":{"line":67,"column":null}},"26":{"start":{"line":71,"column":33},"end":{"line":80,"column":null}},"27":{"start":{"line":72,"column":4},"end":{"line":79,"column":null}},"28":{"start":{"line":74,"column":8},"end":{"line":74,"column":null}},"29":{"start":{"line":74,"column":39},"end":{"line":74,"column":57}},"30":{"start":{"line":76,"column":8},"end":{"line":76,"column":null}},"31":{"start":{"line":76,"column":39},"end":{"line":76,"column":90}},"32":{"start":{"line":78,"column":8},"end":{"line":78,"column":null}},"33":{"start":{"line":82,"column":30},"end":{"line":82,"column":null}},"34":{"start":{"line":84,"column":2},"end":{"line":91,"column":null}},"35":{"start":{"line":85,"column":4},"end":{"line":89,"column":null}},"36":{"start":{"line":93,"column":2},"end":{"line":293,"column":null}},"37":{"start":{"line":113,"column":41},"end":{"line":113,"column":70}},"38":{"start":{"line":119,"column":41},"end":{"line":119,"column":69}},"39":{"start":{"line":125,"column":67},"end":{"line":125,"column":103}},"40":{"start":{"line":138,"column":29},"end":{"line":138,"column":null}},"41":{"start":{"line":144,"column":29},"end":{"line":144,"column":null}},"42":{"start":{"line":147,"column":51},"end":{"line":147,"column":69}},"43":{"start":{"line":150,"column":29},"end":{"line":150,"column":null}},"44":{"start":{"line":153,"column":56},"end":{"line":153,"column":85}},"45":{"start":{"line":162,"column":10},"end":{"line":276,"column":null}}},"fnMap":{"0":{"name":"ImprovedPredictionsView","decl":{"start":{"line":29,"column":24},"end":{"line":29,"column":48}},"loc":{"start":{"line":29,"column":93},"end":{"line":295,"column":null}}},"1":{"name":"(anonymous_1)","decl":{"start":{"line":34,"column":12},"end":{"line":34,"column":18}},"loc":{"start":{"line":34,"column":18},"end":{"line":36,"column":5}}},"2":{"name":"(anonymous_2)","decl":{"start":{"line":38,"column":34},"end":{"line":38,"column":46}},"loc":{"start":{"line":38,"column":46},"end":{"line":51,"column":null}}},"3":{"name":"(anonymous_3)","decl":{"start":{"line":53,"column":29},"end":{"line":53,"column":30}},"loc":{"start":{"line":53,"column":48},"end":{"line":60,"column":null}}},"4":{"name":"(anonymous_4)","decl":{"start":{"line":62,"column":28},"end":{"line":62,"column":29}},"loc":{"start":{"line":62,"column":51},"end":{"line":69,"column":null}}},"5":{"name":"(anonymous_5)","decl":{"start":{"line":71,"column":33},"end":{"line":71,"column":39}},"loc":{"start":{"line":71,"column":39},"end":{"line":80,"column":null}}},"6":{"name":"(anonymous_6)","decl":{"start":{"line":74,"column":34},"end":{"line":74,"column":39}},"loc":{"start":{"line":74,"column":39},"end":{"line":74,"column":57}}},"7":{"name":"(anonymous_7)","decl":{"start":{"line":76,"column":34},"end":{"line":76,"column":39}},"loc":{"start":{"line":76,"column":39},"end":{"line":76,"column":90}}},"8":{"name":"(anonymous_8)","decl":{"start":{"line":113,"column":36},"end":{"line":113,"column":41}},"loc":{"start":{"line":113,"column":41},"end":{"line":113,"column":70}}},"9":{"name":"(anonymous_9)","decl":{"start":{"line":119,"column":36},"end":{"line":119,"column":41}},"loc":{"start":{"line":119,"column":41},"end":{"line":119,"column":69}}},"10":{"name":"(anonymous_10)","decl":{"start":{"line":125,"column":55},"end":{"line":125,"column":56}},"loc":{"start":{"line":125,"column":67},"end":{"line":125,"column":103}}},"11":{"name":"(anonymous_11)","decl":{"start":{"line":138,"column":23},"end":{"line":138,"column":29}},"loc":{"start":{"line":138,"column":29},"end":{"line":138,"column":null}}},"12":{"name":"(anonymous_12)","decl":{"start":{"line":144,"column":23},"end":{"line":144,"column":29}},"loc":{"start":{"line":144,"column":29},"end":{"line":144,"column":null}}},"13":{"name":"(anonymous_13)","decl":{"start":{"line":147,"column":46},"end":{"line":147,"column":51}},"loc":{"start":{"line":147,"column":51},"end":{"line":147,"column":69}}},"14":{"name":"(anonymous_14)","decl":{"start":{"line":150,"column":23},"end":{"line":150,"column":29}},"loc":{"start":{"line":150,"column":29},"end":{"line":150,"column":null}}},"15":{"name":"(anonymous_15)","decl":{"start":{"line":153,"column":51},"end":{"line":153,"column":56}},"loc":{"start":{"line":153,"column":56},"end":{"line":153,"column":85}}},"16":{"name":"(anonymous_16)","decl":{"start":{"line":161,"column":33},"end":{"line":161,"column":34}},"loc":{"start":{"line":162,"column":10},"end":{"line":276,"column":null}}}},"branchMap":{"0":{"loc":{"start":{"line":29,"column":50},"end":{"line":29,"column":60}},"type":"default-arg","locations":[{"start":{"line":29,"column":57},"end":{"line":29,"column":60}}]},"1":{"loc":{"start":{"line":42,"column":6},"end":{"line":45,"column":null}},"type":"if","locations":[{"start":{"line":42,"column":6},"end":{"line":45,"column":null}},{"start":{},"end":{}}]},"2":{"loc":{"start":{"line":54,"column":4},"end":{"line":59,"column":null}},"type":"switch","locations":[{"start":{"line":55,"column":6},"end":{"line":55,"column":null}},{"start":{"line":56,"column":6},"end":{"line":56,"column":null}},{"start":{"line":57,"column":6},"end":{"line":57,"column":null}},{"start":{"line":58,"column":6},"end":{"line":58,"column":null}}]},"3":{"loc":{"start":{"line":63,"column":4},"end":{"line":68,"column":null}},"type":"switch","locations":[{"start":{"line":64,"column":6},"end":{"line":64,"column":null}},{"start":{"line":65,"column":6},"end":{"line":65,"column":null}},{"start":{"line":66,"column":6},"end":{"line":66,"column":null}},{"start":{"line":67,"column":6},"end":{"line":67,"column":null}}]},"4":{"loc":{"start":{"line":72,"column":4},"end":{"line":79,"column":null}},"type":"switch","locations":[{"start":{"line":73,"column":6},"end":{"line":74,"column":null}},{"start":{"line":75,"column":6},"end":{"line":76,"column":null}},{"start":{"line":77,"column":6},"end":{"line":78,"column":null}}]},"5":{"loc":{"start":{"line":76,"column":39},"end":{"line":76,"column":90}},"type":"binary-expr","locations":[{"start":{"line":76,"column":39},"end":{"line":76,"column":61}},{"start":{"line":76,"column":61},"end":{"line":76,"column":90}}]},"6":{"loc":{"start":{"line":84,"column":2},"end":{"line":91,"column":null}},"type":"if","locations":[{"start":{"line":84,"column":2},"end":{"line":91,"column":null}},{"start":{},"end":{}}]},"7":{"loc":{"start":{"line":139,"column":46},"end":{"line":139,"column":105}},"type":"cond-expr","locations":[{"start":{"line":139,"column":65},"end":{"line":139,"column":92}},{"start":{"line":139,"column":92},"end":{"line":139,"column":105}}]},"8":{"loc":{"start":{"line":145,"column":46},"end":{"line":145,"column":107}},"type":"cond-expr","locations":[{"start":{"line":145,"column":67},"end":{"line":145,"column":94}},{"start":{"line":145,"column":94},"end":{"line":145,"column":107}}]},"9":{"loc":{"start":{"line":151,"column":46},"end":{"line":151,"column":117}},"type":"cond-expr","locations":[{"start":{"line":151,"column":77},"end":{"line":151,"column":104}},{"start":{"line":151,"column":104},"end":{"line":151,"column":117}}]},"10":{"loc":{"start":{"line":162,"column":64},"end":{"line":162,"column":112}},"type":"cond-expr","locations":[{"start":{"line":162,"column":95},"end":{"line":162,"column":110}},{"start":{"line":162,"column":110},"end":{"line":162,"column":112}}]},"11":{"loc":{"start":{"line":163,"column":13},"end":{"line":169,"column":null}},"type":"binary-expr","locations":[{"start":{"line":163,"column":13},"end":{"line":163,"column":null}},{"start":{"line":164,"column":14},"end":{"line":169,"column":null}}]},"12":{"loc":{"start":{"line":224,"column":23},"end":{"line":224,"column":67}},"type":"cond-expr","locations":[{"start":{"line":224,"column":57},"end":{"line":224,"column":63}},{"start":{"line":224,"column":63},"end":{"line":224,"column":67}}]},"13":{"loc":{"start":{"line":227,"column":19},"end":{"line":230,"column":null}},"type":"binary-expr","locations":[{"start":{"line":227,"column":19},"end":{"line":227,"column":null}},{"start":{"line":228,"column":20},"end":{"line":230,"column":null}}]},"14":{"loc":{"start":{"line":229,"column":37},"end":{"line":229,"column":71}},"type":"cond-expr","locations":[{"start":{"line":229,"column":61},"end":{"line":229,"column":67}},{"start":{"line":229,"column":67},"end":{"line":229,"column":71}}]},"15":{"loc":{"start":{"line":232,"column":19},"end":{"line":235,"column":null}},"type":"binary-expr","locations":[{"start":{"line":232,"column":19},"end":{"line":232,"column":40}},{"start":{"line":232,"column":40},"end":{"line":232,"column":null}},{"start":{"line":233,"column":20},"end":{"line":235,"column":null}}]},"16":{"loc":{"start":{"line":267,"column":15},"end":{"line":273,"column":null}},"type":"binary-expr","locations":[{"start":{"line":267,"column":15},"end":{"line":267,"column":null}},{"start":{"line":268,"column":16},"end":{"line":273,"column":null}}]},"17":{"loc":{"start":{"line":280,"column":7},"end":{"line":291,"column":null}},"type":"binary-expr","locations":[{"start":{"line":280,"column":7},"end":{"line":280,"column":null}},{"start":{"line":281,"column":8},"end":{"line":291,"column":null}}]},"18":{"loc":{"start":{"line":286,"column":15},"end":{"line":288,"column":null}},"type":"cond-expr","locations":[{"start":{"line":287,"column":18},"end":{"line":287,"column":null}},{"start":{"line":288,"column":18},"end":{"line":288,"column":null}}]}},"s":{"0":0,"1":0,"2":0,"3":0,"4":0,"5":0,"6":0,"7":0,"8":0,"9":0,"10":0,"11":0,"12":0,"13":0,"14":0,"15":0,"16":0,"17":0,"18":0,"19":0,"20":0,"21":0,"22":0,"23":0,"24":0,"25":0,"26":0,"27":0,"28":0,"29":0,"30":0,"31":0,"32":0,"33":0,"34":0,"35":0,"36":0,"37":0,"38":0,"39":0,"40":0,"41":0,"42":0,"43":0,"44":0,"45":0},"f":{"0":0,"1":0,"2":0,"3":0,"4":0,"5":0,"6":0,"7":0,"8":0,"9":0,"10":0,"11":0,"12":0,"13":0,"14":0,"15":0,"16":0},"b":{"0":[0],"1":[0,0],"2":[0,0,0,0],"3":[0,0,0,0],"4":[0,0,0],"5":[0,0],"6":[0,0],"7":[0,0],"8":[0,0],"9":[0,0],"10":[0,0],"11":[0,0],"12":[0,0],"13":[0,0],"14":[0,0],"15":[0,0,0],"16":[0,0],"17":[0,0],"18":[0,0]}}
,"/Users/stephen_bowman/Documents/GitHub/Script_Ohio_2.0/web_app/src/components/MLSimulator.tsx": {"path":"/Users/stephen_bowman/Documents/GitHub/Script_Ohio_2.0/web_app/src/components/MLSimulator.tsx","statementMap":{"0":{"start":{"line":23,"column":22},"end":{"line":27,"column":null}},"1":{"start":{"line":24,"column":19},"end":{"line":24,"column":null}},"2":{"start":{"line":25,"column":20},"end":{"line":25,"column":null}},"3":{"start":{"line":26,"column":4},"end":{"line":26,"column":null}},"4":{"start":{"line":29,"column":30},"end":{"line":371,"column":null}},"5":{"start":{"line":30,"column":46},"end":{"line":30,"column":null}},"6":{"start":{"line":31,"column":48},"end":{"line":33,"column":null}},"7":{"start":{"line":34,"column":46},"end":{"line":34,"column":null}},"8":{"start":{"line":35,"column":52},"end":{"line":35,"column":null}},"9":{"start":{"line":36,"column":40},"end":{"line":36,"column":null}},"10":{"start":{"line":37,"column":44},"end":{"line":37,"column":null}},"11":{"start":{"line":38,"column":42},"end":{"line":38,"column":null}},"12":{"start":{"line":39,"column":38},"end":{"line":39,"column":null}},"13":{"start":{"line":40,"column":38},"end":{"line":40,"column":null}},"14":{"start":{"line":41,"column":50},"end":{"line":41,"column":null}},"15":{"start":{"line":42,"column":44},"end":{"line":42,"column":null}},"16":{"start":{"line":43,"column":30},"end":{"line":43,"column":null}},"17":{"start":{"line":44,"column":34},"end":{"line":44,"column":null}},"18":{"start":{"line":45,"column":40},"end":{"line":45,"column":null}},"19":{"start":{"line":46,"column":36},"end":{"line":46,"column":null}},"20":{"start":{"line":49,"column":48},"end":{"line":49,"column":null}},"21":{"start":{"line":50,"column":40},"end":{"line":50,"column":null}},"22":{"start":{"line":51,"column":36},"end":{"line":51,"column":null}},"23":{"start":{"line":52,"column":40},"end":{"line":52,"column":null}},"24":{"start":{"line":55,"column":4},"end":{"line":82,"column":null}},"25":{"start":{"line":56,"column":25},"end":{"line":79,"column":null}},"26":{"start":{"line":57,"column":12},"end":{"line":57,"column":null}},"27":{"start":{"line":58,"column":12},"end":{"line":58,"column":null}},"28":{"start":{"line":60,"column":12},"end":{"line":78,"column":null}},"29":{"start":{"line":61,"column":34},"end":{"line":61,"column":null}},"30":{"start":{"line":62,"column":16},"end":{"line":62,"column":null}},"31":{"start":{"line":64,"column":16},"end":{"line":70,"column":null}},"32":{"start":{"line":65,"column":20},"end":{"line":65,"column":null}},"33":{"start":{"line":66,"column":20},"end":{"line":66,"column":null}},"34":{"start":{"line":68,"column":20},"end":{"line":68,"column":null}},"35":{"start":{"line":69,"column":20},"end":{"line":69,"column":null}},"36":{"start":{"line":72,"column":16},"end":{"line":72,"column":null}},"37":{"start":{"line":73,"column":16},"end":{"line":73,"column":null}},"38":{"start":{"line":74,"column":16},"end":{"line":74,"column":null}},"39":{"start":{"line":75,"column":16},"end":{"line":75,"column":null}},"40":{"start":{"line":77,"column":16},"end":{"line":77,"column":null}},"41":{"start":{"line":81,"column":8},"end":{"line":81,"column":null}},"42":{"start":{"line":85,"column":4},"end":{"line":106,"column":null}},"43":{"start":{"line":86,"column":32},"end":{"line":103,"column":null}},"44":{"start":{"line":87,"column":12},"end":{"line":102,"column":null}},"45":{"start":{"line":88,"column":36},"end":{"line":88,"column":null}},"46":{"start":{"line":89,"column":16},"end":{"line":89,"column":null}},"47":{"start":{"line":90,"column":16},"end":{"line":90,"column":null}},"48":{"start":{"line":91,"column":16},"end":{"line":91,"column":null}},"49":{"start":{"line":92,"column":16},"end":{"line":97,"column":null}},"50":{"start":{"line":98,"column":16},"end":{"line":98,"column":null}},"51":{"start":{"line":100,"column":16},"end":{"line":100,"column":null}},"52":{"start":{"line":101,"column":16},"end":{"line":101,"column":null}},"53":{"start":{"line":105,"column":8},"end":{"line":105,"column":null}},"54":{"start":{"line":109,"column":4},"end":{"line":130,"column":null}},"55":{"start":{"line":110,"column":24},"end":{"line":128,"column":null}},"56":{"start":{"line":111,"column":12},"end":{"line":111,"column":null}},"57":{"start":{"line":112,"column":12},"end":{"line":112,"column":null}},"58":{"start":{"line":113,"column":12},"end":{"line":127,"column":null}},"59":{"start":{"line":115,"column":29},"end":{"line":115,"column":null}},"60":{"start":{"line":116,"column":16},"end":{"line":116,"column":null}},"61":{"start":{"line":117,"column":16},"end":{"line":121,"column":null}},"62":{"start":{"line":118,"column":20},"end":{"line":118,"column":null}},"63":{"start":{"line":120,"column":20},"end":{"line":120,"column":null}},"64":{"start":{"line":123,"column":16},"end":{"line":123,"column":null}},"65":{"start":{"line":124,"column":16},"end":{"line":124,"column":null}},"66":{"start":{"line":126,"column":16},"end":{"line":126,"column":null}},"67":{"start":{"line":129,"column":8},"end":{"line":129,"column":null}},"68":{"start":{"line":132,"column":24},"end":{"line":220,"column":null}},"69":{"start":{"line":133,"column":8},"end":{"line":219,"column":null}},"70":{"start":{"line":134,"column":12},"end":{"line":134,"column":null}},"71":{"start":{"line":135,"column":12},"end":{"line":135,"column":null}},"72":{"start":{"line":136,"column":12},"end":{"line":136,"column":null}},"73":{"start":{"line":138,"column":47},"end":{"line":138,"column":null}},"74":{"start":{"line":139,"column":50},"end":{"line":139,"column":null}},"75":{"start":{"line":141,"column":12},"end":{"line":213,"column":null}},"76":{"start":{"line":142,"column":16},"end":{"line":212,"column":null}},"77":{"start":{"line":143,"column":20},"end":{"line":201,"column":null}},"78":{"start":{"line":144,"column":37},"end":{"line":144,"column":null}},"79":{"start":{"line":146,"column":24},"end":{"line":153,"column":null}},"80":{"start":{"line":147,"column":28},"end":{"line":152,"column":null}},"81":{"start":{"line":155,"column":24},"end":{"line":198,"column":null}},"82":{"start":{"line":156,"column":28},"end":{"line":159,"column":null}},"83":{"start":{"line":157,"column":32},"end":{"line":157,"column":null}},"84":{"start":{"line":158,"column":32},"end":{"line":158,"column":null}},"85":{"start":{"line":160,"column":28},"end":{"line":160,"column":null}},"86":{"start":{"line":163,"column":41},"end":{"line":163,"column":null}},"87":{"start":{"line":164,"column":28},"end":{"line":169,"column":null}},"88":{"start":{"line":170,"column":28},"end":{"line":170,"column":null}},"89":{"start":{"line":173,"column":57},"end":{"line":173,"column":null}},"90":{"start":{"line":174,"column":28},"end":{"line":186,"column":null}},"91":{"start":{"line":175,"column":32},"end":{"line":180,"column":null}},"92":{"start":{"line":175,"column":74},"end":{"line":180,"column":34}},"93":{"start":{"line":181,"column":32},"end":{"line":181,"column":null}},"94":{"start":{"line":182,"column":32},"end":{"line":182,"column":null}},"95":{"start":{"line":184,"column":32},"end":{"line":184,"column":null}},"96":{"start":{"line":185,"column":32},"end":{"line":185,"column":null}},"97":{"start":{"line":189,"column":28},"end":{"line":197,"column":null}},"98":{"start":{"line":190,"column":32},"end":{"line":196,"column":null}},"99":{"start":{"line":191,"column":50},"end":{"line":191,"column":null}},"100":{"start":{"line":192,"column":36},"end":{"line":192,"column":null}},"101":{"start":{"line":194,"column":36},"end":{"line":194,"column":null}},"102":{"start":{"line":195,"column":36},"end":{"line":195,"column":null}},"103":{"start":{"line":200,"column":24},"end":{"line":200,"column":null}},"104":{"start":{"line":204,"column":20},"end":{"line":204,"column":null}},"105":{"start":{"line":205,"column":20},"end":{"line":208,"column":null}},"106":{"start":{"line":206,"column":24},"end":{"line":206,"column":null}},"107":{"start":{"line":207,"column":24},"end":{"line":207,"column":null}},"108":{"start":{"line":209,"column":20},"end":{"line":209,"column":null}},"109":{"start":{"line":210,"column":20},"end":{"line":210,"column":null}},"110":{"start":{"line":211,"column":20},"end":{"line":211,"column":null}},"111":{"start":{"line":215,"column":12},"end":{"line":215,"column":null}},"112":{"start":{"line":216,"column":12},"end":{"line":216,"column":null}},"113":{"start":{"line":217,"column":12},"end":{"line":217,"column":null}},"114":{"start":{"line":218,"column":12},"end":{"line":218,"column":null}},"115":{"start":{"line":222,"column":31},"end":{"line":251,"column":null}},"116":{"start":{"line":223,"column":8},"end":{"line":250,"column":null}},"117":{"start":{"line":225,"column":12},"end":{"line":228,"column":null}},"118":{"start":{"line":226,"column":16},"end":{"line":226,"column":null}},"119":{"start":{"line":227,"column":16},"end":{"line":227,"column":null}},"120":{"start":{"line":230,"column":31},"end":{"line":230,"column":null}},"121":{"start":{"line":231,"column":26},"end":{"line":231,"column":null}},"122":{"start":{"line":231,"column":69},"end":{"line":231,"column":76}},"123":{"start":{"line":234,"column":8},"end":{"line":243,"column":null}},"124":{"start":{"line":235,"column":26},"end":{"line":235,"column":null}},"125":{"start":{"line":236,"column":12},"end":{"line":238,"column":null}},"126":{"start":{"line":237,"column":16},"end":{"line":237,"column":null}},"127":{"start":{"line":240,"column":25},"end":{"line":240,"column":null}},"128":{"start":{"line":241,"column":33},"end":{"line":241,"column":null}},"129":{"start":{"line":241,"column":76},"end":{"line":241,"column":83}},"130":{"start":{"line":242,"column":12},"end":{"line":242,"column":null}},"131":{"start":{"line":245,"column":8},"end":{"line":245,"column":null}},"132":{"start":{"line":246,"column":8},"end":{"line":246,"column":null}},"133":{"start":{"line":248,"column":12},"end":{"line":248,"column":null}},"134":{"start":{"line":249,"column":12},"end":{"line":249,"column":null}},"135":{"start":{"line":254,"column":31},"end":{"line":259,"column":null}},"136":{"start":{"line":255,"column":8},"end":{"line":258,"column":null}},"137":{"start":{"line":256,"column":25},"end":{"line":256,"column":81}},"138":{"start":{"line":257,"column":28},"end":{"line":257,"column":135}},"139":{"start":{"line":261,"column":4},"end":{"line":369,"column":null}},"140":{"start":{"line":291,"column":45},"end":{"line":291,"column":null}},"141":{"start":{"line":327,"column":32},"end":{"line":345,"column":null}},"142":{"start":{"line":328,"column":55},"end":{"line":334,"column":null}},"143":{"start":{"line":331,"column":59},"end":{"line":331,"column":null}},"144":{"start":{"line":332,"column":60},"end":{"line":332,"column":null}},"145":{"start":{"line":333,"column":44},"end":{"line":333,"column":null}},"146":{"start":{"line":335,"column":55},"end":{"line":335,"column":null}},"147":{"start":{"line":336,"column":49},"end":{"line":336,"column":null}},"148":{"start":{"line":337,"column":36},"end":{"line":337,"column":null}},"149":{"start":{"line":338,"column":36},"end":{"line":338,"column":null}},"150":{"start":{"line":339,"column":36},"end":{"line":339,"column":null}},"151":{"start":{"line":340,"column":36},"end":{"line":340,"column":null}},"152":{"start":{"line":341,"column":36},"end":{"line":341,"column":null}},"153":{"start":{"line":343,"column":36},"end":{"line":343,"column":null}},"154":{"start":{"line":344,"column":36},"end":{"line":344,"column":null}},"155":{"start":{"line":361,"column":43},"end":{"line":361,"column":null}}},"fnMap":{"0":{"name":"(anonymous_0)","decl":{"start":{"line":23,"column":22},"end":{"line":23,"column":23}},"loc":{"start":{"line":23,"column":70},"end":{"line":27,"column":null}}},"1":{"name":"(anonymous_1)","decl":{"start":{"line":29,"column":30},"end":{"line":29,"column":36}},"loc":{"start":{"line":29,"column":36},"end":{"line":371,"column":null}}},"2":{"name":"(anonymous_2)","decl":{"start":{"line":55,"column":20},"end":{"line":55,"column":26}},"loc":{"start":{"line":55,"column":26},"end":{"line":82,"column":7}}},"3":{"name":"(anonymous_3)","decl":{"start":{"line":56,"column":25},"end":{"line":56,"column":37}},"loc":{"start":{"line":56,"column":37},"end":{"line":79,"column":null}}},"4":{"name":"(anonymous_4)","decl":{"start":{"line":85,"column":20},"end":{"line":85,"column":26}},"loc":{"start":{"line":85,"column":26},"end":{"line":106,"column":7}}},"5":{"name":"(anonymous_5)","decl":{"start":{"line":86,"column":32},"end":{"line":86,"column":44}},"loc":{"start":{"line":86,"column":44},"end":{"line":103,"column":null}}},"6":{"name":"(anonymous_6)","decl":{"start":{"line":109,"column":20},"end":{"line":109,"column":26}},"loc":{"start":{"line":109,"column":26},"end":{"line":130,"column":7}}},"7":{"name":"(anonymous_7)","decl":{"start":{"line":110,"column":24},"end":{"line":110,"column":36}},"loc":{"start":{"line":110,"column":36},"end":{"line":128,"column":null}}},"8":{"name":"(anonymous_8)","decl":{"start":{"line":132,"column":24},"end":{"line":132,"column":30}},"loc":{"start":{"line":132,"column":30},"end":{"line":220,"column":null}}},"9":{"name":"(anonymous_9)","decl":{"start":{"line":141,"column":35},"end":{"line":141,"column":41}},"loc":{"start":{"line":141,"column":41},"end":{"line":213,"column":15}}},"10":{"name":"(anonymous_10)","decl":{"start":{"line":143,"column":40},"end":{"line":143,"column":48}},"loc":{"start":{"line":143,"column":48},"end":{"line":201,"column":21}}},"11":{"name":"(anonymous_11)","decl":{"start":{"line":175,"column":65},"end":{"line":175,"column":74}},"loc":{"start":{"line":175,"column":74},"end":{"line":180,"column":34}}},"12":{"name":"(anonymous_12)","decl":{"start":{"line":222,"column":31},"end":{"line":222,"column":32}},"loc":{"start":{"line":222,"column":66},"end":{"line":251,"column":null}}},"13":{"name":"(anonymous_13)","decl":{"start":{"line":231,"column":59},"end":{"line":231,"column":60}},"loc":{"start":{"line":231,"column":69},"end":{"line":231,"column":76}}},"14":{"name":"(anonymous_14)","decl":{"start":{"line":236,"column":44},"end":{"line":236,"column":51}},"loc":{"start":{"line":236,"column":51},"end":{"line":238,"column":13}}},"15":{"name":"(anonymous_15)","decl":{"start":{"line":241,"column":66},"end":{"line":241,"column":67}},"loc":{"start":{"line":241,"column":76},"end":{"line":241,"column":83}}},"16":{"name":"(anonymous_16)","decl":{"start":{"line":254,"column":39},"end":{"line":254,"column":45}},"loc":{"start":{"line":254,"column":45},"end":{"line":259,"column":7}}},"17":{"name":"(anonymous_17)","decl":{"start":{"line":256,"column":20},"end":{"line":256,"column":25}},"loc":{"start":{"line":256,"column":25},"end":{"line":256,"column":81}}},"18":{"name":"(anonymous_18)","decl":{"start":{"line":257,"column":18},"end":{"line":257,"column":19}},"loc":{"start":{"line":257,"column":28},"end":{"line":257,"column":135}}},"19":{"name":"(anonymous_19)","decl":{"start":{"line":291,"column":39},"end":{"line":291,"column":45}},"loc":{"start":{"line":291,"column":45},"end":{"line":291,"column":null}}},"20":{"name":"(anonymous_20)","decl":{"start":{"line":326,"column":37},"end":{"line":326,"column":43}},"loc":{"start":{"line":326,"column":43},"end":{"line":346,"column":null}}},"21":{"name":"(anonymous_21)","decl":{"start":{"line":330,"column":54},"end":{"line":330,"column":59}},"loc":{"start":{"line":330,"column":59},"end":{"line":334,"column":41}}},"22":{"name":"(anonymous_22)","decl":{"start":{"line":361,"column":37},"end":{"line":361,"column":43}},"loc":{"start":{"line":361,"column":43},"end":{"line":361,"column":null}}}},"branchMap":{"0":{"loc":{"start":{"line":24,"column":19},"end":{"line":24,"column":null}},"type":"cond-expr","locations":[{"start":{"line":24,"column":47},"end":{"line":24,"column":55}},{"start":{"line":24,"column":55},"end":{"line":24,"column":null}}]},"1":{"loc":{"start":{"line":24,"column":66},"end":{"line":24,"column":78}},"type":"binary-expr","locations":[{"start":{"line":24,"column":66},"end":{"line":24,"column":75}},{"start":{"line":24,"column":75},"end":{"line":24,"column":78}}]},"2":{"loc":{"start":{"line":64,"column":16},"end":{"line":70,"column":null}},"type":"if","locations":[{"start":{"line":64,"column":16},"end":{"line":70,"column":null}},{"start":{"line":67,"column":23},"end":{"line":70,"column":null}}]},"3":{"loc":{"start":{"line":117,"column":16},"end":{"line":121,"column":null}},"type":"if","locations":[{"start":{"line":117,"column":16},"end":{"line":121,"column":null}},{"start":{"line":119,"column":23},"end":{"line":121,"column":null}}]},"4":{"loc":{"start":{"line":124,"column":28},"end":{"line":124,"column":119}},"type":"cond-expr","locations":[{"start":{"line":124,"column":53},"end":{"line":124,"column":69}},{"start":{"line":124,"column":69},"end":{"line":124,"column":119}}]},"5":{"loc":{"start":{"line":146,"column":24},"end":{"line":153,"column":null}},"type":"if","locations":[{"start":{"line":146,"column":24},"end":{"line":153,"column":null}},{"start":{},"end":{}}]},"6":{"loc":{"start":{"line":155,"column":24},"end":{"line":198,"column":null}},"type":"if","locations":[{"start":{"line":155,"column":24},"end":{"line":198,"column":null}},{"start":{},"end":{}}]},"7":{"loc":{"start":{"line":156,"column":28},"end":{"line":159,"column":null}},"type":"if","locations":[{"start":{"line":156,"column":28},"end":{"line":159,"column":null}},{"start":{},"end":{}}]},"8":{"loc":{"start":{"line":163,"column":41},"end":{"line":163,"column":null}},"type":"binary-expr","locations":[{"start":{"line":163,"column":41},"end":{"line":163,"column":110}},{"start":{"line":163,"column":110},"end":{"line":163,"column":null}}]},"9":{"loc":{"start":{"line":177,"column":42},"end":{"line":177,"column":null}},"type":"binary-expr","locations":[{"start":{"line":177,"column":42},"end":{"line":177,"column":55}},{"start":{"line":177,"column":55},"end":{"line":177,"column":null}}]},"10":{"loc":{"start":{"line":189,"column":28},"end":{"line":197,"column":null}},"type":"if","locations":[{"start":{"line":189,"column":28},"end":{"line":197,"column":null}},{"start":{},"end":{}}]},"11":{"loc":{"start":{"line":205,"column":20},"end":{"line":208,"column":null}},"type":"if","locations":[{"start":{"line":205,"column":20},"end":{"line":208,"column":null}},{"start":{},"end":{}}]},"12":{"loc":{"start":{"line":225,"column":12},"end":{"line":228,"column":null}},"type":"if","locations":[{"start":{"line":225,"column":12},"end":{"line":228,"column":null}},{"start":{},"end":{}}]},"13":{"loc":{"start":{"line":225,"column":16},"end":{"line":225,"column":56}},"type":"binary-expr","locations":[{"start":{"line":225,"column":16},"end":{"line":225,"column":32}},{"start":{"line":225,"column":32},"end":{"line":225,"column":45}},{"start":{"line":225,"column":45},"end":{"line":225,"column":56}}]},"14":{"loc":{"start":{"line":234,"column":8},"end":{"line":243,"column":null}},"type":"if","locations":[{"start":{"line":234,"column":8},"end":{"line":243,"column":null}},{"start":{},"end":{}}]},"15":{"loc":{"start":{"line":256,"column":45},"end":{"line":256,"column":75}},"type":"binary-expr","locations":[{"start":{"line":256,"column":45},"end":{"line":256,"column":72}},{"start":{"line":256,"column":72},"end":{"line":256,"column":75}}]},"16":{"loc":{"start":{"line":257,"column":48},"end":{"line":257,"column":78}},"type":"binary-expr","locations":[{"start":{"line":257,"column":48},"end":{"line":257,"column":75}},{"start":{"line":257,"column":75},"end":{"line":257,"column":78}}]},"17":{"loc":{"start":{"line":257,"column":103},"end":{"line":257,"column":133}},"type":"binary-expr","locations":[{"start":{"line":257,"column":103},"end":{"line":257,"column":130}},{"start":{"line":257,"column":130},"end":{"line":257,"column":133}}]},"18":{"loc":{"start":{"line":304,"column":65},"end":{"line":319,"column":null}},"type":"binary-expr","locations":[{"start":{"line":306,"column":18},"end":{"line":306,"column":44}},{"start":{"line":306,"column":44},"end":{"line":306,"column":null}},{"start":{"line":307,"column":20},"end":{"line":319,"column":null}}]},"19":{"loc":{"start":{"line":308,"column":25},"end":{"line":313,"column":null}},"type":"binary-expr","locations":[{"start":{"line":308,"column":25},"end":{"line":308,"column":null}},{"start":{"line":309,"column":28},"end":{"line":313,"column":null}}]},"20":{"loc":{"start":{"line":312,"column":39},"end":{"line":312,"column":null}},"type":"binary-expr","locations":[{"start":{"line":312,"column":39},"end":{"line":312,"column":51}},{"start":{"line":312,"column":51},"end":{"line":312,"column":null}}]},"21":{"loc":{"start":{"line":315,"column":25},"end":{"line":315,"column":null}},"type":"binary-expr","locations":[{"start":{"line":315,"column":25},"end":{"line":315,"column":52}},{"start":{"line":315,"column":52},"end":{"line":315,"column":null}}]},"22":{"loc":{"start":{"line":316,"column":25},"end":{"line":316,"column":null}},"type":"binary-expr","locations":[{"start":{"line":316,"column":25},"end":{"line":316,"column":53}},{"start":{"line":316,"column":53},"end":{"line":316,"column":null}}]},"23":{"loc":{"start":{"line":317,"column":25},"end":{"line":317,"column":null}},"type":"binary-expr","locations":[{"start":{"line":317,"column":25},"end":{"line":317,"column":59}},{"start":{"line":317,"column":59},"end":{"line":317,"column":null}}]},"24":{"loc":{"start":{"line":318,"column":25},"end":{"line":318,"column":null}},"type":"binary-expr","locations":[{"start":{"line":318,"column":25},"end":{"line":318,"column":59}},{"start":{"line":318,"column":59},"end":{"line":318,"column":null}}]},"25":{"loc":{"start":{"line":322,"column":17},"end":{"line":352,"column":null}},"type":"binary-expr","locations":[{"start":{"line":322,"column":17},"end":{"line":322,"column":null}},{"start":{"line":323,"column":20},"end":{"line":352,"column":null}}]},"26":{"loc":{"start":{"line":331,"column":59},"end":{"line":331,"column":null}},"type":"cond-expr","locations":[{"start":{"line":331,"column":88},"end":{"line":331,"column":110}},{"start":{"line":331,"column":110},"end":{"line":331,"column":null}}]},"27":{"loc":{"start":{"line":332,"column":74},"end":{"line":332,"column":105}},"type":"binary-expr","locations":[{"start":{"line":332,"column":74},"end":{"line":332,"column":102}},{"start":{"line":332,"column":102},"end":{"line":332,"column":105}}]},"28":{"loc":{"start":{"line":355,"column":17},"end":{"line":366,"column":null}},"type":"binary-expr","locations":[{"start":{"line":355,"column":17},"end":{"line":355,"column":null}},{"start":{"line":356,"column":20},"end":{"line":366,"column":null}}]}},"s":{"0":1,"1":0,"2":0,"3":0,"4":1,"5":2,"6":2,"7":2,"8":2,"9":2,"10":2,"11":2,"12":2,"13":2,"14":2,"15":2,"16":2,"17":2,"18":2,"19":2,"20":2,"21":2,"22":2,"23":2,"24":2,"25":1,"26":1,"27":1,"28":1,"29":1,"30":1,"31":1,"32":0,"33":0,"34":1,"35":1,"36":0,"37":0,"38":0,"39":0,"40":1,"41":1,"42":2,"43":1,"44":1,"45":1,"46":0,"47":0,"48":0,"49":0,"50":0,"51":0,"52":0,"53":1,"54":2,"55":1,"56":1,"57":1,"58":1,"59":1,"60":0,"61":0,"62":0,"63":0,"64":0,"65":0,"66":0,"67":1,"68":2,"69":0,"70":0,"71":0,"72":0,"73":0,"74":0,"75":0,"76":0,"77":0,"78":0,"79":0,"80":0,"81":0,"82":0,"83":0,"84":0,"85":0,"86":0,"87":0,"88":0,"89":0,"90":0,"91":0,"92":0,"93":0,"94":0,"95":0,"96":0,"97":0,"98":0,"99":0,"100":0,"101":0,"102":0,"103":0,"104":0,"105":0,"106":0,"107":0,"108":0,"109":0,"110":0,"111":0,"112":0,"113":0,"114":0,"115":2,"116":0,"117":0,"118":0,"119":0,"120":0,"121":0,"122":0,"123":0,"124":0,"125":0,"126":0,"127":0,"128":0,"129":0,"130":0,"131":0,"132":0,"133":0,"134":0,"135":2,"136":1,"137":0,"138":0,"139":2,"140":0,"141":0,"142":0,"143":0,"144":0,"145":0,"146":0,"147":0,"148":0,"149":0,"150":0,"151":0,"152":0,"153":0,"154":0,"155":0},"f":{"0":0,"1":2,"2":1,"3":1,"4":1,"5":1,"6":1,"7":1,"8":0,"9":0,"10":0,"11":0,"12":0,"13":0,"14":0,"15":0,"16":1,"17":0,"18":0,"19":0,"20":0,"21":0,"22":0},"b":{"0":[0,0],"1":[0,0],"2":[0,1],"3":[0,0],"4":[0,0],"5":[0,0],"6":[0,0],"7":[0,0],"8":[0,0],"9":[0,0],"10":[0,0],"11":[0,0],"12":[0,0],"13":[0,0,0],"14":[0,0],"15":[0,0],"16":[0,0],"17":[0,0],"18":[2,2,0],"19":[0,0],"20":[0,0],"21":[0,0],"22":[0,0],"23":[0,0],"24":[0,0],"25":[2,0],"26":[0,0],"27":[0,0],"28":[2,0]}}
,"/Users/stephen_bowman/Documents/GitHub/Script_Ohio_2.0/web_app/src/components/simulator/ATSView.tsx": {"path":"/Users/stephen_bowman/Documents/GitHub/Script_Ohio_2.0/web_app/src/components/simulator/ATSView.tsx","statementMap":{"0":{"start":{"line":15,"column":47},"end":{"line":389,"column":null}},"1":{"start":{"line":16,"column":25},"end":{"line":18,"column":null}},"2":{"start":{"line":17,"column":8},"end":{"line":17,"column":null}},"3":{"start":{"line":20,"column":38},"end":{"line":20,"column":null}},"4":{"start":{"line":21,"column":46},"end":{"line":21,"column":null}},"5":{"start":{"line":22,"column":40},"end":{"line":22,"column":null}},"6":{"start":{"line":23,"column":52},"end":{"line":23,"column":null}},"7":{"start":{"line":24,"column":50},"end":{"line":24,"column":null}},"8":{"start":{"line":25,"column":34},"end":{"line":25,"column":null}},"9":{"start":{"line":27,"column":23},"end":{"line":93,"column":null}},"10":{"start":{"line":28,"column":23},"end":{"line":28,"column":null}},"11":{"start":{"line":31,"column":8},"end":{"line":36,"column":null}},"12":{"start":{"line":32,"column":27},"end":{"line":32,"column":null}},"13":{"start":{"line":33,"column":12},"end":{"line":35,"column":null}},"14":{"start":{"line":34,"column":16},"end":{"line":34,"column":null}},"15":{"start":{"line":39,"column":8},"end":{"line":41,"column":null}},"16":{"start":{"line":40,"column":12},"end":{"line":40,"column":null}},"17":{"start":{"line":40,"column":47},"end":{"line":40,"column":89}},"18":{"start":{"line":44,"column":8},"end":{"line":46,"column":null}},"19":{"start":{"line":45,"column":12},"end":{"line":45,"column":null}},"20":{"start":{"line":45,"column":47},"end":{"line":45,"column":87}},"21":{"start":{"line":49,"column":8},"end":{"line":51,"column":null}},"22":{"start":{"line":50,"column":12},"end":{"line":50,"column":null}},"23":{"start":{"line":50,"column":47},"end":{"line":50,"column":77}},"24":{"start":{"line":54,"column":8},"end":{"line":90,"column":null}},"25":{"start":{"line":57,"column":12},"end":{"line":85,"column":null}},"26":{"start":{"line":59,"column":20},"end":{"line":59,"column":null}},"27":{"start":{"line":60,"column":20},"end":{"line":60,"column":null}},"28":{"start":{"line":61,"column":20},"end":{"line":61,"column":null}},"29":{"start":{"line":63,"column":20},"end":{"line":63,"column":null}},"30":{"start":{"line":64,"column":20},"end":{"line":64,"column":null}},"31":{"start":{"line":65,"column":20},"end":{"line":65,"column":null}},"32":{"start":{"line":67,"column":20},"end":{"line":67,"column":null}},"33":{"start":{"line":68,"column":20},"end":{"line":68,"column":null}},"34":{"start":{"line":69,"column":20},"end":{"line":69,"column":null}},"35":{"start":{"line":71,"column":20},"end":{"line":71,"column":null}},"36":{"start":{"line":72,"column":20},"end":{"line":72,"column":null}},"37":{"start":{"line":73,"column":20},"end":{"line":73,"column":null}},"38":{"start":{"line":75,"column":39},"end":{"line":75,"column":null}},"39":{"start":{"line":76,"column":20},"end":{"line":76,"column":null}},"40":{"start":{"line":77,"column":20},"end":{"line":77,"column":null}},"41":{"start":{"line":78,"column":20},"end":{"line":78,"column":null}},"42":{"start":{"line":80,"column":20},"end":{"line":80,"column":null}},"43":{"start":{"line":81,"column":20},"end":{"line":81,"column":null}},"44":{"start":{"line":82,"column":20},"end":{"line":82,"column":null}},"45":{"start":{"line":84,"column":20},"end":{"line":84,"column":null}},"46":{"start":{"line":87,"column":12},"end":{"line":87,"column":null}},"47":{"start":{"line":87,"column":29},"end":{"line":87,"column":null}},"48":{"start":{"line":88,"column":12},"end":{"line":88,"column":null}},"49":{"start":{"line":88,"column":29},"end":{"line":88,"column":null}},"50":{"start":{"line":89,"column":12},"end":{"line":89,"column":null}},"51":{"start":{"line":92,"column":8},"end":{"line":92,"column":null}},"52":{"start":{"line":95,"column":23},"end":{"line":102,"column":null}},"53":{"start":{"line":96,"column":8},"end":{"line":101,"column":null}},"54":{"start":{"line":97,"column":12},"end":{"line":97,"column":null}},"55":{"start":{"line":99,"column":12},"end":{"line":99,"column":null}},"56":{"start":{"line":100,"column":12},"end":{"line":100,"column":null}},"57":{"start":{"line":104,"column":24},"end":{"line":137,"column":null}},"58":{"start":{"line":105,"column":24},"end":{"line":110,"column":null}},"59":{"start":{"line":111,"column":21},"end":{"line":123,"column":null}},"60":{"start":{"line":111,"column":44},"end":{"line":123,"column":9}},"61":{"start":{"line":125,"column":27},"end":{"line":128,"column":null}},"62":{"start":{"line":127,"column":31},"end":{"line":127,"column":44}},"63":{"start":{"line":130,"column":21},"end":{"line":130,"column":null}},"64":{"start":{"line":131,"column":20},"end":{"line":131,"column":null}},"65":{"start":{"line":132,"column":21},"end":{"line":132,"column":null}},"66":{"start":{"line":133,"column":8},"end":{"line":133,"column":null}},"67":{"start":{"line":134,"column":8},"end":{"line":134,"column":null}},"68":{"start":{"line":135,"column":8},"end":{"line":135,"column":null}},"69":{"start":{"line":136,"column":8},"end":{"line":136,"column":null}},"70":{"start":{"line":139,"column":31},"end":{"line":148,"column":null}},"71":{"start":{"line":140,"column":8},"end":{"line":147,"column":null}},"72":{"start":{"line":142,"column":16},"end":{"line":142,"column":null}},"73":{"start":{"line":144,"column":16},"end":{"line":144,"column":null}},"74":{"start":{"line":146,"column":16},"end":{"line":146,"column":null}},"75":{"start":{"line":150,"column":30},"end":{"line":154,"column":null}},"76":{"start":{"line":151,"column":8},"end":{"line":153,"column":null}},"77":{"start":{"line":156,"column":18},"end":{"line":171,"column":null}},"78":{"start":{"line":158,"column":8},"end":{"line":160,"column":null}},"79":{"start":{"line":159,"column":12},"end":{"line":159,"column":null}},"80":{"start":{"line":162,"column":22},"end":{"line":162,"column":null}},"81":{"start":{"line":163,"column":25},"end":{"line":163,"column":null}},"82":{"start":{"line":163,"column":51},"end":{"line":163,"column":83}},"83":{"start":{"line":164,"column":27},"end":{"line":164,"column":null}},"84":{"start":{"line":164,"column":53},"end":{"line":164,"column":87}},"85":{"start":{"line":165,"column":24},"end":{"line":167,"column":null}},"86":{"start":{"line":166,"column":47},"end":{"line":166,"column":81}},"87":{"start":{"line":168,"column":30},"end":{"line":168,"column":null}},"88":{"start":{"line":168,"column":56},"end":{"line":168,"column":87}},"89":{"start":{"line":170,"column":8},"end":{"line":170,"column":null}},"90":{"start":{"line":173,"column":4},"end":{"line":387,"column":null}},"91":{"start":{"line":215,"column":41},"end":{"line":215,"column":null}},"92":{"start":{"line":220,"column":41},"end":{"line":220,"column":null}},"93":{"start":{"line":233,"column":41},"end":{"line":233,"column":null}},"94":{"start":{"line":247,"column":41},"end":{"line":247,"column":null}},"95":{"start":{"line":261,"column":51},"end":{"line":261,"column":null}},"96":{"start":{"line":267,"column":51},"end":{"line":267,"column":null}},"97":{"start":{"line":273,"column":51},"end":{"line":273,"column":null}},"98":{"start":{"line":284,"column":51},"end":{"line":284,"column":null}},"99":{"start":{"line":290,"column":51},"end":{"line":290,"column":null}},"100":{"start":{"line":301,"column":51},"end":{"line":301,"column":null}},"101":{"start":{"line":316,"column":51},"end":{"line":316,"column":null}},"102":{"start":{"line":317,"column":36},"end":{"line":358,"column":null}},"103":{"start":{"line":327,"column":63},"end":{"line":327,"column":null}},"104":{"start":{"line":328,"column":66},"end":{"line":328,"column":null}},"105":{"start":{"line":329,"column":48},"end":{"line":329,"column":null}},"106":{"start":{"line":370,"column":28},"end":{"line":382,"column":null}}},"fnMap":{"0":{"name":"(anonymous_0)","decl":{"start":{"line":15,"column":47},"end":{"line":15,"column":48}},"loc":{"start":{"line":15,"column":90},"end":{"line":389,"column":null}}},"1":{"name":"(anonymous_1)","decl":{"start":{"line":16,"column":25},"end":{"line":16,"column":26}},"loc":{"start":{"line":16,"column":53},"end":{"line":18,"column":null}}},"2":{"name":"(anonymous_2)","decl":{"start":{"line":27,"column":31},"end":{"line":27,"column":37}},"loc":{"start":{"line":27,"column":37},"end":{"line":93,"column":7}}},"3":{"name":"(anonymous_3)","decl":{"start":{"line":33,"column":39},"end":{"line":33,"column":null}},"loc":{"start":{"line":34,"column":16},"end":{"line":34,"column":null}}},"4":{"name":"(anonymous_4)","decl":{"start":{"line":40,"column":39},"end":{"line":40,"column":47}},"loc":{"start":{"line":40,"column":47},"end":{"line":40,"column":89}}},"5":{"name":"(anonymous_5)","decl":{"start":{"line":45,"column":39},"end":{"line":45,"column":47}},"loc":{"start":{"line":45,"column":47},"end":{"line":45,"column":87}}},"6":{"name":"(anonymous_6)","decl":{"start":{"line":50,"column":39},"end":{"line":50,"column":47}},"loc":{"start":{"line":50,"column":47},"end":{"line":50,"column":77}}},"7":{"name":"(anonymous_7)","decl":{"start":{"line":54,"column":22},"end":{"line":54,"column":23}},"loc":{"start":{"line":54,"column":32},"end":{"line":90,"column":9}}},"8":{"name":"(anonymous_8)","decl":{"start":{"line":95,"column":23},"end":{"line":95,"column":24}},"loc":{"start":{"line":95,"column":45},"end":{"line":102,"column":null}}},"9":{"name":"(anonymous_9)","decl":{"start":{"line":104,"column":24},"end":{"line":104,"column":30}},"loc":{"start":{"line":104,"column":30},"end":{"line":137,"column":null}}},"10":{"name":"(anonymous_10)","decl":{"start":{"line":111,"column":36},"end":{"line":111,"column":44}},"loc":{"start":{"line":111,"column":44},"end":{"line":123,"column":9}}},"11":{"name":"(anonymous_11)","decl":{"start":{"line":127,"column":24},"end":{"line":127,"column":31}},"loc":{"start":{"line":127,"column":31},"end":{"line":127,"column":44}}},"12":{"name":"(anonymous_12)","decl":{"start":{"line":139,"column":31},"end":{"line":139,"column":32}},"loc":{"start":{"line":139,"column":69},"end":{"line":148,"column":null}}},"13":{"name":"(anonymous_13)","decl":{"start":{"line":150,"column":30},"end":{"line":150,"column":31}},"loc":{"start":{"line":150,"column":66},"end":{"line":154,"column":null}}},"14":{"name":"(anonymous_14)","decl":{"start":{"line":156,"column":26},"end":{"line":156,"column":32}},"loc":{"start":{"line":156,"column":32},"end":{"line":171,"column":7}}},"15":{"name":"(anonymous_15)","decl":{"start":{"line":163,"column":43},"end":{"line":163,"column":51}},"loc":{"start":{"line":163,"column":51},"end":{"line":163,"column":83}}},"16":{"name":"(anonymous_16)","decl":{"start":{"line":164,"column":45},"end":{"line":164,"column":53}},"loc":{"start":{"line":164,"column":53},"end":{"line":164,"column":87}}},"17":{"name":"(anonymous_17)","decl":{"start":{"line":166,"column":32},"end":{"line":166,"column":33}},"loc":{"start":{"line":166,"column":47},"end":{"line":166,"column":81}}},"18":{"name":"(anonymous_18)","decl":{"start":{"line":168,"column":48},"end":{"line":168,"column":56}},"loc":{"start":{"line":168,"column":56},"end":{"line":168,"column":87}}},"19":{"name":"(anonymous_19)","decl":{"start":{"line":215,"column":34},"end":{"line":215,"column":35}},"loc":{"start":{"line":215,"column":41},"end":{"line":215,"column":null}}},"20":{"name":"(anonymous_20)","decl":{"start":{"line":220,"column":34},"end":{"line":220,"column":35}},"loc":{"start":{"line":220,"column":41},"end":{"line":220,"column":null}}},"21":{"name":"(anonymous_21)","decl":{"start":{"line":233,"column":34},"end":{"line":233,"column":35}},"loc":{"start":{"line":233,"column":41},"end":{"line":233,"column":null}}},"22":{"name":"(anonymous_22)","decl":{"start":{"line":247,"column":34},"end":{"line":247,"column":35}},"loc":{"start":{"line":247,"column":41},"end":{"line":247,"column":null}}},"23":{"name":"(anonymous_23)","decl":{"start":{"line":261,"column":45},"end":{"line":261,"column":51}},"loc":{"start":{"line":261,"column":51},"end":{"line":261,"column":null}}},"24":{"name":"(anonymous_24)","decl":{"start":{"line":267,"column":45},"end":{"line":267,"column":51}},"loc":{"start":{"line":267,"column":51},"end":{"line":267,"column":null}}},"25":{"name":"(anonymous_25)","decl":{"start":{"line":273,"column":45},"end":{"line":273,"column":51}},"loc":{"start":{"line":273,"column":51},"end":{"line":273,"column":null}}},"26":{"name":"(anonymous_26)","decl":{"start":{"line":284,"column":45},"end":{"line":284,"column":51}},"loc":{"start":{"line":284,"column":51},"end":{"line":284,"column":null}}},"27":{"name":"(anonymous_27)","decl":{"start":{"line":290,"column":45},"end":{"line":290,"column":51}},"loc":{"start":{"line":290,"column":51},"end":{"line":290,"column":null}}},"28":{"name":"(anonymous_28)","decl":{"start":{"line":301,"column":45},"end":{"line":301,"column":51}},"loc":{"start":{"line":301,"column":51},"end":{"line":301,"column":null}}},"29":{"name":"(anonymous_29)","decl":{"start":{"line":315,"column":47},"end":{"line":315,"column":48}},"loc":{"start":{"line":315,"column":57},"end":{"line":360,"column":33}}},"30":{"name":"(anonymous_30)","decl":{"start":{"line":326,"column":46},"end":{"line":326,"column":52}},"loc":{"start":{"line":326,"column":52},"end":{"line":330,"column":47}}},"31":{"name":"(anonymous_31)","decl":{"start":{"line":369,"column":52},"end":{"line":369,"column":53}},"loc":{"start":{"line":370,"column":28},"end":{"line":382,"column":null}}}},"branchMap":{"0":{"loc":{"start":{"line":15,"column":59},"end":{"line":15,"column":78}},"type":"default-arg","locations":[{"start":{"line":15,"column":71},"end":{"line":15,"column":78}}]},"1":{"loc":{"start":{"line":17,"column":15},"end":{"line":17,"column":null}},"type":"cond-expr","locations":[{"start":{"line":17,"column":34},"end":{"line":17,"column":54}},{"start":{"line":17,"column":54},"end":{"line":17,"column":null}}]},"2":{"loc":{"start":{"line":31,"column":8},"end":{"line":36,"column":null}},"type":"if","locations":[{"start":{"line":31,"column":8},"end":{"line":36,"column":null}},{"start":{},"end":{}}]},"3":{"loc":{"start":{"line":39,"column":8},"end":{"line":41,"column":null}},"type":"if","locations":[{"start":{"line":39,"column":8},"end":{"line":41,"column":null}},{"start":{},"end":{}}]},"4":{"loc":{"start":{"line":44,"column":8},"end":{"line":46,"column":null}},"type":"if","locations":[{"start":{"line":44,"column":8},"end":{"line":46,"column":null}},{"start":{},"end":{}}]},"5":{"loc":{"start":{"line":49,"column":8},"end":{"line":51,"column":null}},"type":"if","locations":[{"start":{"line":49,"column":8},"end":{"line":51,"column":null}},{"start":{},"end":{}}]},"6":{"loc":{"start":{"line":57,"column":12},"end":{"line":85,"column":null}},"type":"switch","locations":[{"start":{"line":58,"column":16},"end":{"line":61,"column":null}},{"start":{"line":62,"column":16},"end":{"line":65,"column":null}},{"start":{"line":66,"column":16},"end":{"line":69,"column":null}},{"start":{"line":70,"column":16},"end":{"line":73,"column":null}},{"start":{"line":74,"column":16},"end":{"line":78,"column":null}},{"start":{"line":79,"column":16},"end":{"line":82,"column":null}},{"start":{"line":83,"column":16},"end":{"line":84,"column":null}}]},"7":{"loc":{"start":{"line":87,"column":12},"end":{"line":87,"column":null}},"type":"if","locations":[{"start":{"line":87,"column":12},"end":{"line":87,"column":null}},{"start":{},"end":{}}]},"8":{"loc":{"start":{"line":87,"column":36},"end":{"line":87,"column":null}},"type":"cond-expr","locations":[{"start":{"line":87,"column":62},"end":{"line":87,"column":67}},{"start":{"line":87,"column":67},"end":{"line":87,"column":null}}]},"9":{"loc":{"start":{"line":88,"column":12},"end":{"line":88,"column":null}},"type":"if","locations":[{"start":{"line":88,"column":12},"end":{"line":88,"column":null}},{"start":{},"end":{}}]},"10":{"loc":{"start":{"line":88,"column":36},"end":{"line":88,"column":null}},"type":"cond-expr","locations":[{"start":{"line":88,"column":62},"end":{"line":88,"column":66}},{"start":{"line":88,"column":66},"end":{"line":88,"column":null}}]},"11":{"loc":{"start":{"line":96,"column":8},"end":{"line":101,"column":null}},"type":"if","locations":[{"start":{"line":96,"column":8},"end":{"line":101,"column":null}},{"start":{"line":98,"column":15},"end":{"line":101,"column":null}}]},"12":{"loc":{"start":{"line":97,"column":29},"end":{"line":97,"column":69}},"type":"cond-expr","locations":[{"start":{"line":97,"column":55},"end":{"line":97,"column":64}},{"start":{"line":97,"column":64},"end":{"line":97,"column":69}}]},"13":{"loc":{"start":{"line":140,"column":8},"end":{"line":147,"column":null}},"type":"switch","locations":[{"start":{"line":141,"column":12},"end":{"line":142,"column":null}},{"start":{"line":143,"column":12},"end":{"line":144,"column":null}},{"start":{"line":145,"column":12},"end":{"line":146,"column":null}}]},"14":{"loc":{"start":{"line":151,"column":15},"end":{"line":153,"column":null}},"type":"cond-expr","locations":[{"start":{"line":152,"column":14},"end":{"line":152,"column":null}},{"start":{"line":153,"column":14},"end":{"line":153,"column":null}}]},"15":{"loc":{"start":{"line":158,"column":8},"end":{"line":160,"column":null}},"type":"if","locations":[{"start":{"line":158,"column":8},"end":{"line":160,"column":null}},{"start":{},"end":{}}]},"16":{"loc":{"start":{"line":158,"column":12},"end":{"line":158,"column":52}},"type":"binary-expr","locations":[{"start":{"line":158,"column":12},"end":{"line":158,"column":27}},{"start":{"line":158,"column":27},"end":{"line":158,"column":52}}]},"17":{"loc":{"start":{"line":165,"column":24},"end":{"line":167,"column":null}},"type":"cond-expr","locations":[{"start":{"line":166,"column":14},"end":{"line":166,"column":null}},{"start":{"line":167,"column":14},"end":{"line":167,"column":null}}]},"18":{"loc":{"start":{"line":166,"column":54},"end":{"line":166,"column":81}},"type":"binary-expr","locations":[{"start":{"line":166,"column":54},"end":{"line":166,"column":77}},{"start":{"line":166,"column":77},"end":{"line":166,"column":81}}]},"19":{"loc":{"start":{"line":198,"column":17},"end":{"line":201,"column":null}},"type":"binary-expr","locations":[{"start":{"line":198,"column":17},"end":{"line":198,"column":null}},{"start":{"line":199,"column":20},"end":{"line":201,"column":null}}]},"20":{"loc":{"start":{"line":203,"column":17},"end":{"line":206,"column":null}},"type":"binary-expr","locations":[{"start":{"line":203,"column":17},"end":{"line":203,"column":26}},{"start":{"line":203,"column":26},"end":{"line":203,"column":null}},{"start":{"line":204,"column":20},"end":{"line":206,"column":null}}]},"21":{"loc":{"start":{"line":246,"column":31},"end":{"line":246,"column":null}},"type":"binary-expr","locations":[{"start":{"line":246,"column":31},"end":{"line":246,"column":42}},{"start":{"line":246,"column":42},"end":{"line":246,"column":null}}]},"22":{"loc":{"start":{"line":247,"column":52},"end":{"line":247,"column":83}},"type":"binary-expr","locations":[{"start":{"line":247,"column":52},"end":{"line":247,"column":82}},{"start":{"line":247,"column":82},"end":{"line":247,"column":83}}]},"23":{"loc":{"start":{"line":263,"column":45},"end":{"line":263,"column":null}},"type":"binary-expr","locations":[{"start":{"line":263,"column":45},"end":{"line":263,"column":73}},{"start":{"line":263,"column":73},"end":{"line":263,"column":null}}]},"24":{"loc":{"start":{"line":263,"column":73},"end":{"line":263,"column":null}},"type":"cond-expr","locations":[{"start":{"line":263,"column":99},"end":{"line":263,"column":105}},{"start":{"line":263,"column":105},"end":{"line":263,"column":null}}]},"25":{"loc":{"start":{"line":269,"column":44},"end":{"line":269,"column":null}},"type":"binary-expr","locations":[{"start":{"line":269,"column":44},"end":{"line":269,"column":71}},{"start":{"line":269,"column":71},"end":{"line":269,"column":null}}]},"26":{"loc":{"start":{"line":269,"column":71},"end":{"line":269,"column":null}},"type":"cond-expr","locations":[{"start":{"line":269,"column":97},"end":{"line":269,"column":103}},{"start":{"line":269,"column":103},"end":{"line":269,"column":null}}]},"27":{"loc":{"start":{"line":275,"column":49},"end":{"line":275,"column":null}},"type":"binary-expr","locations":[{"start":{"line":275,"column":49},"end":{"line":275,"column":86}},{"start":{"line":275,"column":86},"end":{"line":275,"column":null}}]},"28":{"loc":{"start":{"line":275,"column":86},"end":{"line":275,"column":null}},"type":"cond-expr","locations":[{"start":{"line":275,"column":112},"end":{"line":275,"column":118}},{"start":{"line":275,"column":118},"end":{"line":275,"column":null}}]},"29":{"loc":{"start":{"line":286,"column":48},"end":{"line":286,"column":null}},"type":"binary-expr","locations":[{"start":{"line":286,"column":48},"end":{"line":286,"column":83}},{"start":{"line":286,"column":83},"end":{"line":286,"column":null}}]},"30":{"loc":{"start":{"line":286,"column":83},"end":{"line":286,"column":null}},"type":"cond-expr","locations":[{"start":{"line":286,"column":109},"end":{"line":286,"column":115}},{"start":{"line":286,"column":115},"end":{"line":286,"column":null}}]},"31":{"loc":{"start":{"line":292,"column":48},"end":{"line":292,"column":null}},"type":"binary-expr","locations":[{"start":{"line":292,"column":48},"end":{"line":292,"column":85}},{"start":{"line":292,"column":85},"end":{"line":292,"column":null}}]},"32":{"loc":{"start":{"line":292,"column":85},"end":{"line":292,"column":null}},"type":"cond-expr","locations":[{"start":{"line":292,"column":111},"end":{"line":292,"column":117}},{"start":{"line":292,"column":117},"end":{"line":292,"column":null}}]},"33":{"loc":{"start":{"line":303,"column":48},"end":{"line":303,"column":null}},"type":"binary-expr","locations":[{"start":{"line":303,"column":48},"end":{"line":303,"column":88}},{"start":{"line":303,"column":88},"end":{"line":303,"column":null}}]},"34":{"loc":{"start":{"line":303,"column":88},"end":{"line":303,"column":null}},"type":"cond-expr","locations":[{"start":{"line":303,"column":114},"end":{"line":303,"column":120}},{"start":{"line":303,"column":120},"end":{"line":303,"column":null}}]},"35":{"loc":{"start":{"line":308,"column":29},"end":{"line":360,"column":null}},"type":"cond-expr","locations":[{"start":{"line":309,"column":32},"end":{"line":313,"column":null}},{"start":{"line":315,"column":32},"end":{"line":360,"column":null}}]},"36":{"loc":{"start":{"line":316,"column":51},"end":{"line":316,"column":null}},"type":"binary-expr","locations":[{"start":{"line":316,"column":51},"end":{"line":316,"column":62}},{"start":{"line":316,"column":62},"end":{"line":316,"column":null}}]},"37":{"loc":{"start":{"line":329,"column":55},"end":{"line":329,"column":null}},"type":"cond-expr","locations":[{"start":{"line":329,"column":69},"end":{"line":329,"column":87}},{"start":{"line":329,"column":87},"end":{"line":329,"column":null}}]},"38":{"loc":{"start":{"line":333,"column":45},"end":{"line":333,"column":83}},"type":"cond-expr","locations":[{"start":{"line":333,"column":73},"end":{"line":333,"column":79}},{"start":{"line":333,"column":79},"end":{"line":333,"column":83}}]},"39":{"loc":{"start":{"line":367,"column":17},"end":{"line":384,"column":null}},"type":"binary-expr","locations":[{"start":{"line":367,"column":17},"end":{"line":367,"column":42}},{"start":{"line":367,"column":42},"end":{"line":367,"column":null}},{"start":{"line":368,"column":20},"end":{"line":384,"column":null}}]}},"s":{"0":1,"1":0,"2":0,"3":0,"4":0,"5":0,"6":0,"7":0,"8":0,"9":0,"10":0,"11":0,"12":0,"13":0,"14":0,"15":0,"16":0,"17":0,"18":0,"19":0,"20":0,"21":0,"22":0,"23":0,"24":0,"25":0,"26":0,"27":0,"28":0,"29":0,"30":0,"31":0,"32":0,"33":0,"34":0,"35":0,"36":0,"37":0,"38":0,"39":0,"40":0,"41":0,"42":0,"43":0,"44":0,"45":0,"46":0,"47":0,"48":0,"49":0,"50":0,"51":0,"52":0,"53":0,"54":0,"55":0,"56":0,"57":0,"58":0,"59":0,"60":0,"61":0,"62":0,"63":0,"64":0,"65":0,"66":0,"67":0,"68":0,"69":0,"70":0,"71":0,"72":0,"73":0,"74":0,"75":0,"76":0,"77":0,"78":0,"79":0,"80":0,"81":0,"82":0,"83":0,"84":0,"85":0,"86":0,"87":0,"88":0,"89":0,"90":0,"91":0,"92":0,"93":0,"94":0,"95":0,"96":0,"97":0,"98":0,"99":0,"100":0,"101":0,"102":0,"103":0,"104":0,"105":0,"106":0},"f":{"0":0,"1":0,"2":0,"3":0,"4":0,"5":0,"6":0,"7":0,"8":0,"9":0,"10":0,"11":0,"12":0,"13":0,"14":0,"15":0,"16":0,"17":0,"18":0,"19":0,"20":0,"21":0,"22":0,"23":0,"24":0,"25":0,"26":0,"27":0,"28":0,"29":0,"30":0,"31":0},"b":{"0":[0],"1":[0,0],"2":[0,0],"3":[0,0],"4":[0,0],"5":[0,0],"6":[0,0,0,0,0,0,0],"7":[0,0],"8":[0,0],"9":[0,0],"10":[0,0],"11":[0,0],"12":[0,0],"13":[0,0,0],"14":[0,0],"15":[0,0],"16":[0,0],"17":[0,0],"18":[0,0],"19":[0,0],"20":[0,0,0],"21":[0,0],"22":[0,0],"23":[0,0],"24":[0,0],"25":[0,0],"26":[0,0],"27":[0,0],"28":[0,0],"29":[0,0],"30":[0,0],"31":[0,0],"32":[0,0],"33":[0,0],"34":[0,0],"35":[0,0],"36":[0,0],"37":[0,0],"38":[0,0],"39":[0,0,0]}}
,"/Users/stephen_bowman/Documents/GitHub/Script_Ohio_2.0/web_app/src/components/simulator/AdvancedSettings.tsx": {"path":"/Users/stephen_bowman/Documents/GitHub/Script_Ohio_2.0/web_app/src/components/simulator/AdvancedSettings.tsx","statementMap":{"0":{"start":{"line":12,"column":65},"end":{"line":53,"column":null}},"1":{"start":{"line":13,"column":4},"end":{"line":51,"column":null}}},"fnMap":{"0":{"name":"(anonymous_0)","decl":{"start":{"line":12,"column":65},"end":{"line":12,"column":66}},"loc":{"start":{"line":12,"column":128},"end":{"line":53,"column":null}}}},"branchMap":{"0":{"loc":{"start":{"line":24,"column":41},"end":{"line":24,"column":null}},"type":"cond-expr","locations":[{"start":{"line":24,"column":57},"end":{"line":24,"column":69}},{"start":{"line":24,"column":69},"end":{"line":24,"column":null}}]},"1":{"loc":{"start":{"line":26,"column":53},"end":{"line":28,"column":null}},"type":"cond-expr","locations":[{"start":{"line":27,"column":38},"end":{"line":27,"column":null}},{"start":{"line":28,"column":38},"end":{"line":28,"column":null}}]},"2":{"loc":{"start":{"line":31,"column":33},"end":{"line":31,"column":null}},"type":"cond-expr","locations":[{"start":{"line":31,"column":49},"end":{"line":31,"column":61}},{"start":{"line":31,"column":61},"end":{"line":31,"column":null}}]}},"s":{"0":1,"1":2},"f":{"0":2},"b":{"0":[2,0],"1":[2,0],"2":[2,0]}}
,"/Users/stephen_bowman/Documents/GitHub/Script_Ohio_2.0/web_app/src/components/simulator/FeatureWeights.tsx": {"path":"/Users/stephen_bowman/Documents/GitHub/Script_Ohio_2.0/web_app/src/components/simulator/FeatureWeights.tsx","statementMap":{"0":{"start":{"line":12,"column":61},"end":{"line":68,"column":null}},"1":{"start":{"line":13,"column":24},"end":{"line":13,"column":null}},"2":{"start":{"line":13,"column":64},"end":{"line":13,"column":71}},"3":{"start":{"line":16,"column":25},"end":{"line":16,"column":null}},"4":{"start":{"line":18,"column":4},"end":{"line":66,"column":null}},"5":{"start":{"line":26,"column":24},"end":{"line":57,"column":null}},"6":{"start":{"line":48,"column":56},"end":{"line":48,"column":null}}},"fnMap":{"0":{"name":"(anonymous_0)","decl":{"start":{"line":12,"column":61},"end":{"line":12,"column":62}},"loc":{"start":{"line":12,"column":106},"end":{"line":68,"column":null}}},"1":{"name":"(anonymous_1)","decl":{"start":{"line":13,"column":54},"end":{"line":13,"column":55}},"loc":{"start":{"line":13,"column":64},"end":{"line":13,"column":71}}},"2":{"name":"(anonymous_2)","decl":{"start":{"line":25,"column":49},"end":{"line":25,"column":50}},"loc":{"start":{"line":26,"column":24},"end":{"line":57,"column":null}}},"3":{"name":"(anonymous_3)","decl":{"start":{"line":48,"column":47},"end":{"line":48,"column":48}},"loc":{"start":{"line":48,"column":56},"end":{"line":48,"column":null}}}},"branchMap":{"0":{"loc":{"start":{"line":59,"column":98},"end":{"line":59,"column":null}},"type":"cond-expr","locations":[{"start":{"line":59,"column":113},"end":{"line":59,"column":132}},{"start":{"line":59,"column":132},"end":{"line":59,"column":null}}]}},"s":{"0":2,"1":7,"2":28,"3":7,"4":7,"5":28,"6":0},"f":{"0":7,"1":28,"2":28,"3":0},"b":{"0":[7,0]}}
,"/Users/stephen_bowman/Documents/GitHub/Script_Ohio_2.0/web_app/src/components/simulator/Header.tsx": {"path":"/Users/stephen_bowman/Documents/GitHub/Script_Ohio_2.0/web_app/src/components/simulator/Header.tsx","statementMap":{"0":{"start":{"line":12,"column":45},"end":{"line":46,"column":null}},"1":{"start":{"line":13,"column":4},"end":{"line":44,"column":null}}},"fnMap":{"0":{"name":"(anonymous_0)","decl":{"start":{"line":12,"column":45},"end":{"line":12,"column":46}},"loc":{"start":{"line":12,"column":110},"end":{"line":46,"column":null}}}},"branchMap":{"0":{"loc":{"start":{"line":23,"column":29},"end":{"line":23,"column":null}},"type":"cond-expr","locations":[{"start":{"line":23,"column":45},"end":{"line":23,"column":57}},{"start":{"line":23,"column":57},"end":{"line":23,"column":null}}]},"1":{"loc":{"start":{"line":24,"column":52},"end":{"line":24,"column":164}},"type":"cond-expr","locations":[{"start":{"line":24,"column":68},"end":{"line":24,"column":127}},{"start":{"line":24,"column":127},"end":{"line":24,"column":164}}]},"2":{"loc":{"start":{"line":25,"column":55},"end":{"line":25,"column":93}},"type":"cond-expr","locations":[{"start":{"line":25,"column":71},"end":{"line":25,"column":83}},{"start":{"line":25,"column":83},"end":{"line":25,"column":93}}]},"3":{"loc":{"start":{"line":27,"column":37},"end":{"line":27,"column":null}},"type":"cond-expr","locations":[{"start":{"line":27,"column":53},"end":{"line":27,"column":60}},{"start":{"line":27,"column":60},"end":{"line":27,"column":null}}]}},"s":{"0":1,"1":2},"f":{"0":2},"b":{"0":[2,0],"1":[2,0],"2":[2,0],"3":[2,0]}}
,"/Users/stephen_bowman/Documents/GitHub/Script_Ohio_2.0/web_app/src/components/simulator/ModelPerformanceView.tsx": {"path":"/Users/stephen_bowman/Documents/GitHub/Script_Ohio_2.0/web_app/src/components/simulator/ModelPerformanceView.tsx","statementMap":{"0":{"start":{"line":10,"column":73},"end":{"line":96,"column":null}},"1":{"start":{"line":11,"column":4},"end":{"line":94,"column":null}},"2":{"start":{"line":21,"column":100},"end":{"line":25,"column":30}},"3":{"start":{"line":48,"column":100},"end":{"line":51,"column":30}},"4":{"start":{"line":74,"column":24},"end":{"line":90,"column":null}}},"fnMap":{"0":{"name":"(anonymous_0)","decl":{"start":{"line":10,"column":73},"end":{"line":10,"column":74}},"loc":{"start":{"line":10,"column":99},"end":{"line":96,"column":null}}},"1":{"name":"(anonymous_1)","decl":{"start":{"line":21,"column":81},"end":{"line":21,"column":82}},"loc":{"start":{"line":21,"column":100},"end":{"line":25,"column":30}}},"2":{"name":"(anonymous_2)","decl":{"start":{"line":48,"column":81},"end":{"line":48,"column":82}},"loc":{"start":{"line":48,"column":100},"end":{"line":51,"column":30}}},"3":{"name":"(anonymous_3)","decl":{"start":{"line":73,"column":58},"end":{"line":73,"column":59}},"loc":{"start":{"line":74,"column":24},"end":{"line":90,"column":null}}}},"branchMap":{},"s":{"0":1,"1":0,"2":0,"3":0,"4":0},"f":{"0":0,"1":0,"2":0,"3":0},"b":{}}
,"/Users/stephen_bowman/Documents/GitHub/Script_Ohio_2.0/web_app/src/components/simulator/ModelSelection.tsx": {"path":"/Users/stephen_bowman/Documents/GitHub/Script_Ohio_2.0/web_app/src/components/simulator/ModelSelection.tsx","statementMap":{"0":{"start":{"line":12,"column":61},"end":{"line":58,"column":null}},"1":{"start":{"line":13,"column":19},"end":{"line":13,"column":null}},"2":{"start":{"line":15,"column":4},"end":{"line":56,"column":null}},"3":{"start":{"line":23,"column":24},"end":{"line":40,"column":null}},"4":{"start":{"line":25,"column":43},"end":{"line":25,"column":null}}},"fnMap":{"0":{"name":"(anonymous_0)","decl":{"start":{"line":12,"column":61},"end":{"line":12,"column":62}},"loc":{"start":{"line":12,"column":117},"end":{"line":58,"column":null}}},"1":{"name":"(anonymous_1)","decl":{"start":{"line":22,"column":32},"end":{"line":22,"column":null}},"loc":{"start":{"line":23,"column":24},"end":{"line":40,"column":null}}},"2":{"name":"(anonymous_2)","decl":{"start":{"line":25,"column":37},"end":{"line":25,"column":43}},"loc":{"start":{"line":25,"column":43},"end":{"line":25,"column":null}}}},"branchMap":{"0":{"loc":{"start":{"line":26,"column":37},"end":{"line":26,"column":null}},"type":"cond-expr","locations":[{"start":{"line":26,"column":63},"end":{"line":26,"column":75}},{"start":{"line":26,"column":75},"end":{"line":26,"column":null}}]},"1":{"loc":{"start":{"line":29,"column":184},"end":{"line":31,"column":null}},"type":"cond-expr","locations":[{"start":{"line":30,"column":34},"end":{"line":30,"column":null}},{"start":{"line":31,"column":34},"end":{"line":31,"column":null}}]},"2":{"loc":{"start":{"line":36,"column":33},"end":{"line":37,"column":null}},"type":"binary-expr","locations":[{"start":{"line":36,"column":33},"end":{"line":36,"column":null}},{"start":{"line":37,"column":36},"end":{"line":37,"column":null}}]},"3":{"loc":{"start":{"line":44,"column":17},"end":{"line":53,"column":null}},"type":"binary-expr","locations":[{"start":{"line":44,"column":17},"end":{"line":44,"column":null}},{"start":{"line":45,"column":20},"end":{"line":53,"column":null}}]}},"s":{"0":2,"1":7,"2":7,"3":28,"4":1},"f":{"0":7,"1":28,"2":1},"b":{"0":[7,21],"1":[7,21],"2":[28,7],"3":[7,3]}}
,"/Users/stephen_bowman/Documents/GitHub/Script_Ohio_2.0/web_app/src/components/simulator/PredictionsTableView.tsx": {"path":"/Users/stephen_bowman/Documents/GitHub/Script_Ohio_2.0/web_app/src/components/simulator/PredictionsTableView.tsx","statementMap":{"0":{"start":{"line":13,"column":73},"end":{"line":475,"column":null}},"1":{"start":{"line":15,"column":25},"end":{"line":17,"column":null}},"2":{"start":{"line":16,"column":8},"end":{"line":16,"column":null}},"3":{"start":{"line":20,"column":27},"end":{"line":36,"column":null}},"4":{"start":{"line":21,"column":8},"end":{"line":21,"column":null}},"5":{"start":{"line":21,"column":30},"end":{"line":21,"column":null}},"6":{"start":{"line":23,"column":32},"end":{"line":23,"column":null}},"7":{"start":{"line":24,"column":23},"end":{"line":24,"column":null}},"8":{"start":{"line":29,"column":30},"end":{"line":29,"column":null}},"9":{"start":{"line":32,"column":31},"end":{"line":32,"column":null}},"10":{"start":{"line":35,"column":8},"end":{"line":35,"column":null}},"11":{"start":{"line":39,"column":31},"end":{"line":57,"column":null}},"12":{"start":{"line":40,"column":8},"end":{"line":40,"column":null}},"13":{"start":{"line":40,"column":30},"end":{"line":40,"column":null}},"14":{"start":{"line":42,"column":32},"end":{"line":42,"column":null}},"15":{"start":{"line":43,"column":23},"end":{"line":43,"column":null}},"16":{"start":{"line":44,"column":26},"end":{"line":44,"column":null}},"17":{"start":{"line":45,"column":30},"end":{"line":45,"column":null}},"18":{"start":{"line":46,"column":31},"end":{"line":46,"column":null}},"19":{"start":{"line":48,"column":8},"end":{"line":50,"column":null}},"20":{"start":{"line":49,"column":12},"end":{"line":49,"column":null}},"21":{"start":{"line":52,"column":8},"end":{"line":56,"column":null}},"22":{"start":{"line":53,"column":12},"end":{"line":53,"column":null}},"23":{"start":{"line":55,"column":12},"end":{"line":55,"column":null}},"24":{"start":{"line":59,"column":25},"end":{"line":63,"column":null}},"25":{"start":{"line":60,"column":23},"end":{"line":60,"column":null}},"26":{"start":{"line":61,"column":8},"end":{"line":61,"column":null}},"27":{"start":{"line":61,"column":38},"end":{"line":61,"column":null}},"28":{"start":{"line":62,"column":8},"end":{"line":62,"column":null}},"29":{"start":{"line":65,"column":26},"end":{"line":69,"column":null}},"30":{"start":{"line":66,"column":23},"end":{"line":66,"column":null}},"31":{"start":{"line":67,"column":24},"end":{"line":67,"column":null}},"32":{"start":{"line":68,"column":8},"end":{"line":68,"column":null}},"33":{"start":{"line":71,"column":38},"end":{"line":71,"column":null}},"34":{"start":{"line":72,"column":46},"end":{"line":72,"column":null}},"35":{"start":{"line":73,"column":40},"end":{"line":73,"column":null}},"36":{"start":{"line":74,"column":40},"end":{"line":74,"column":null}},"37":{"start":{"line":75,"column":52},"end":{"line":75,"column":null}},"38":{"start":{"line":77,"column":30},"end":{"line":142,"column":null}},"39":{"start":{"line":78,"column":23},"end":{"line":78,"column":null}},"40":{"start":{"line":81,"column":8},"end":{"line":87,"column":null}},"41":{"start":{"line":82,"column":27},"end":{"line":82,"column":null}},"42":{"start":{"line":83,"column":12},"end":{"line":86,"column":null}},"43":{"start":{"line":84,"column":16},"end":{"line":85,"column":null}},"44":{"start":{"line":90,"column":8},"end":{"line":92,"column":null}},"45":{"start":{"line":91,"column":12},"end":{"line":91,"column":null}},"46":{"start":{"line":91,"column":44},"end":{"line":91,"column":65}},"47":{"start":{"line":95,"column":8},"end":{"line":103,"column":null}},"48":{"start":{"line":96,"column":12},"end":{"line":102,"column":null}},"49":{"start":{"line":97,"column":29},"end":{"line":97,"column":null}},"50":{"start":{"line":98,"column":16},"end":{"line":98,"column":null}},"51":{"start":{"line":98,"column":49},"end":{"line":98,"column":null}},"52":{"start":{"line":99,"column":16},"end":{"line":99,"column":null}},"53":{"start":{"line":99,"column":53},"end":{"line":99,"column":null}},"54":{"start":{"line":100,"column":16},"end":{"line":100,"column":null}},"55":{"start":{"line":100,"column":48},"end":{"line":100,"column":null}},"56":{"start":{"line":101,"column":16},"end":{"line":101,"column":null}},"57":{"start":{"line":106,"column":8},"end":{"line":139,"column":null}},"58":{"start":{"line":107,"column":12},"end":{"line":107,"column":null}},"59":{"start":{"line":107,"column":26},"end":{"line":107,"column":null}},"60":{"start":{"line":111,"column":12},"end":{"line":134,"column":null}},"61":{"start":{"line":113,"column":20},"end":{"line":113,"column":null}},"62":{"start":{"line":114,"column":20},"end":{"line":114,"column":null}},"63":{"start":{"line":115,"column":20},"end":{"line":115,"column":null}},"64":{"start":{"line":117,"column":20},"end":{"line":117,"column":null}},"65":{"start":{"line":118,"column":20},"end":{"line":118,"column":null}},"66":{"start":{"line":119,"column":20},"end":{"line":119,"column":null}},"67":{"start":{"line":121,"column":20},"end":{"line":121,"column":null}},"68":{"start":{"line":122,"column":20},"end":{"line":122,"column":null}},"69":{"start":{"line":123,"column":20},"end":{"line":123,"column":null}},"70":{"start":{"l
[...]
umn":4},"end":{"line":23,"column":null}},"type":"if","locations":[{"start":{"line":23,"column":4},"end":{"line":23,"column":null}},{"start":{},"end":{}}]},"6":{"loc":{"start":{"line":24,"column":4},"end":{"line":24,"column":null}},"type":"if","locations":[{"start":{"line":24,"column":4},"end":{"line":24,"column":null}},{"start":{},"end":{}}]},"7":{"loc":{"start":{"line":25,"column":4},"end":{"line":25,"column":null}},"type":"if","locations":[{"start":{"line":25,"column":4},"end":{"line":25,"column":null}},{"start":{},"end":{}}]},"8":{"loc":{"start":{"line":30,"column":4},"end":{"line":30,"column":null}},"type":"if","locations":[{"start":{"line":30,"column":4},"end":{"line":30,"column":null}},{"start":{},"end":{}}]},"9":{"loc":{"start":{"line":32,"column":4},"end":{"line":35,"column":null}},"type":"if","locations":[{"start":{"line":32,"column":4},"end":{"line":35,"column":null}},{"start":{},"end":{}}]},"10":{"loc":{"start":{"line":33,"column":30},"end":{"line":33,"column":null}},"type":"cond-expr","locations":[{"start":{"line":33,"column":44},"end":{"line":33,"column":59}},{"start":{"line":33,"column":59},"end":{"line":33,"column":null}}]},"11":{"loc":{"start":{"line":38,"column":26},"end":{"line":38,"column":null}},"type":"cond-expr","locations":[{"start":{"line":38,"column":44},"end":{"line":38,"column":63}},{"start":{"line":38,"column":63},"end":{"line":38,"column":null}}]},"12":{"loc":{"start":{"line":52,"column":19},"end":{"line":52,"column":null}},"type":"cond-expr","locations":[{"start":{"line":52,"column":34},"end":{"line":52,"column":45}},{"start":{"line":52,"column":45},"end":{"line":52,"column":null}}]},"13":{"loc":{"start":{"line":54,"column":27},"end":{"line":54,"column":null}},"type":"cond-expr","locations":[{"start":{"line":54,"column":42},"end":{"line":54,"column":65}},{"start":{"line":54,"column":65},"end":{"line":54,"column":null}}]},"14":{"loc":{"start":{"line":54,"column":42},"end":{"line":54,"column":65}},"type":"binary-expr","locations":[{"start":{"line":54,"column":42},"end":{"line":54,"column":54}},{"start":{"line":54,"column":54},"end":{"line":54,"column":65}}]},"15":{"loc":{"start":{"line":54,"column":65},"end":{"line":54,"column":null}},"type":"binary-expr","locations":[{"start":{"line":54,"column":65},"end":{"line":54,"column":77}},{"start":{"line":54,"column":77},"end":{"line":54,"column":null}}]},"16":{"loc":{"start":{"line":55,"column":57},"end":{"line":55,"column":82}},"type":"binary-expr","locations":[{"start":{"line":55,"column":57},"end":{"line":55,"column":75}},{"start":{"line":55,"column":75},"end":{"line":55,"column":82}}]},"17":{"loc":{"start":{"line":69,"column":4},"end":{"line":71,"column":null}},"type":"if","locations":[{"start":{"line":69,"column":4},"end":{"line":71,"column":null}},{"start":{},"end":{}}]},"18":{"loc":{"start":{"line":74,"column":22},"end":{"line":74,"column":null}},"type":"binary-expr","locations":[{"start":{"line":74,"column":22},"end":{"line":74,"column":59}},{"start":{"line":74,"column":59},"end":{"line":74,"column":77}},{"start":{"line":74,"column":77},"end":{"line":74,"column":null}}]},"19":{"loc":{"start":{"line":75,"column":22},"end":{"line":75,"column":null}},"type":"binary-expr","locations":[{"start":{"line":75,"column":22},"end":{"line":75,"column":59}},{"start":{"line":75,"column":59},"end":{"line":75,"column":77}},{"start":{"line":75,"column":77},"end":{"line":75,"column":null}}]},"20":{"loc":{"start":{"line":77,"column":4},"end":{"line":79,"column":null}},"type":"if","locations":[{"start":{"line":77,"column":4},"end":{"line":79,"column":null}},{"start":{},"end":{}}]},"21":{"loc":{"start":{"line":77,"column":8},"end":{"line":77,"column":32}},"type":"binary-expr","locations":[{"start":{"line":77,"column":8},"end":{"line":77,"column":21}},{"start":{"line":77,"column":21},"end":{"line":77,"column":32}}]},"22":{"loc":{"start":{"line":81,"column":19},"end":{"line":81,"column":null}},"type":"binary-expr","locations":[{"start":{"line":81,"column":19},"end":{"line":81,"column":42}},{"start":{"line":81,"column":42},"end":{"line":81,"column":62}},{"start":{"line":81,"column":62},"end":{"line":81,"column":null}}]},"23":{"loc":{"start":{"line":84,"column":8},"end":{"line":89,"column":null}},"type":"binary-expr","locations":[{"start":{"line":84,"column":8},"end":{"line":84,"column":null}},{"start":{"line":85,"column":8},"end":{"line":85,"column":null}},{"start":{"line":86,"column":8},"end":{"line":86,"column":null}},{"start":{"line":87,"column":8},"end":{"line":87,"column":null}},{"start":{"line":88,"column":8},"end":{"line":88,"column":null}},{"start":{"line":89,"column":8},"end":{"line":89,"column":null}}]},"24":{"loc":{"start":{"line":92,"column":8},"end":{"line":96,"column":null}},"type":"binary-expr","locations":[{"start":{"line":92,"column":8},"end":{"line":92,"column":null}},{"start":{"line":93,"column":8},"end":{"line":93,"column":null}},{"start":{"line":94,"column":8},"end":{"line":94,"column":null}},{"start":{"line":95,"column":8},"end":{"line":95,"column":null}},{"start":{"line":96,"column":8},"end":{"line":96,"column":null}}]},"25":{"loc":{"start":{"line":99,"column":8},"end":{"line":101,"column":null}},"type":"binary-expr","locations":[{"start":{"line":99,"column":8},"end":{"line":99,"column":null}},{"start":{"line":100,"column":8},"end":{"line":100,"column":null}},{"start":{"line":101,"column":9},"end":{"line":101,"column":null}}]},"26":{"loc":{"start":{"line":101,"column":9},"end":{"line":101,"column":null}},"type":"cond-expr","locations":[{"start":{"line":101,"column":32},"end":{"line":101,"column":50}},{"start":{"line":101,"column":50},"end":{"line":101,"column":null}}]},"27":{"loc":{"start":{"line":126,"column":12},"end":{"line":126,"column":null}},"type":"binary-expr","locations":[{"start":{"line":126,"column":12},"end":{"line":126,"column":24}},{"start":{"line":126,"column":24},"end":{"line":126,"column":null}}]},"28":{"loc":{"start":{"line":128,"column":15},"end":{"line":128,"column":null}},"type":"binary-expr","locations":[{"start":{"line":128,"column":15},"end":{"line":128,"column":36}},{"start":{"line":128,"column":36},"end":{"line":128,"column":54}},{"start":{"line":128,"column":54},"end":{"line":128,"column":null}}]},"29":{"loc":{"start":{"line":135,"column":4},"end":{"line":135,"column":null}},"type":"if","locations":[{"start":{"line":135,"column":4},"end":{"line":135,"column":null}},{"start":{},"end":{}}]},"30":{"loc":{"start":{"line":148,"column":12},"end":{"line":155,"column":null}},"type":"if","locations":[{"start":{"line":148,"column":12},"end":{"line":155,"column":null}},{"start":{"line":150,"column":12},"end":{"line":155,"column":null}}]},"31":{"loc":{"start":{"line":150,"column":12},"end":{"line":155,"column":null}},"type":"if","locations":[{"start":{"line":150,"column":12},"end":{"line":155,"column":null}},{"start":{"line":153,"column":19},"end":{"line":155,"column":null}}]},"32":{"loc":{"start":{"line":150,"column":23},"end":{"line":150,"column":50}},"type":"binary-expr","locations":[{"start":{"line":150,"column":23},"end":{"line":150,"column":39}},{"start":{"line":150,"column":39},"end":{"line":150,"column":50}}]},"33":{"loc":{"start":{"line":159,"column":8},"end":{"line":159,"column":null}},"type":"if","locations":[{"start":{"line":159,"column":8},"end":{"line":159,"column":null}},{"start":{},"end":{}}]},"34":{"loc":{"start":{"line":172,"column":4},"end":{"line":172,"column":null}},"type":"if","locations":[{"start":{"line":172,"column":4},"end":{"line":172,"column":null}},{"start":{},"end":{}}]},"35":{"loc":{"start":{"line":173,"column":65},"end":{"line":173,"column":106}},"type":"binary-expr","locations":[{"start":{"line":173,"column":65},"end":{"line":173,"column":93}},{"start":{"line":173,"column":93},"end":{"line":173,"column":106}}]},"36":{"loc":{"start":{"line":184,"column":8},"end":{"line":186,"column":null}},"type":"if","locations":[{"start":{"line":184,"column":8},"end":{"line":186,"column":null}},{"start":{},"end":{}}]},"37":{"loc":{"start":{"line":190,"column":8},"end":{"line":192,"column":null}},"type":"if","locations":[{"start":{"line":190,"column":8},"end":{"line":192,"column":null}},{"start":{},"end":{}}]},"38":{"loc":{"start":{"line":198,"column":4},"end":{"line":209,"column":null}},"type":"if","locations":[{"start":{"line":198,"column":4},"end":{"line":209,"column":null}},{"start":{},"end":{}}]},"39":{"loc":{"start":{"line":200,"column":8},"end":{"line":202,"column":null}},"type":"if","locations":[{"start":{"line":200,"column":8},"end":{"line":202,"column":null}},{"start":{},"end":{}}]},"40":{"loc":{"start":{"line":206,"column":8},"end":{"line":208,"column":null}},"type":"if","locations":[{"start":{"line":206,"column":8},"end":{"line":208,"column":null}},{"start":{},"end":{}}]}},"s":{"0":0,"1":0,"2":0,"3":0,"4":0,"5":0,"6":0,"7":0,"8":0,"9":0,"10":0,"11":0,"12":0,"13":0,"14":0,"15":0,"16":0,"17":0,"18":0,"19":0,"20":0,"21":0,"22":0,"23":0,"24":0,"25":0,"26":0,"27":0,"28":0,"29":0,"30":0,"31":0,"32":0,"33":0,"34":0,"35":0,"36":0,"37":0,"38":0,"39":0,"40":0,"41":0,"42":0,"43":0,"44":0,"45":0,"46":0,"47":0,"48":0,"49":0,"50":0,"51":0,"52":0,"53":0,"54":0,"55":0,"56":0,"57":0,"58":0,"59":0,"60":0,"61":0,"62":0,"63":0,"64":0,"65":0,"66":0,"67":0,"68":0,"69":0,"70":0,"71":0,"72":0,"73":0,"74":0,"75":0,"76":0,"77":0,"78":0,"79":0,"80":0,"81":0,"82":0,"83":0,"84":0,"85":0,"86":0,"87":0,"88":0,"89":0,"90":0,"91":0,"92":0,"93":0,"94":0,"95":0,"96":0,"97":0,"98":0,"99":0,"100":0,"101":0,"102":0,"103":0,"104":0,"105":0,"106":0,"107":0,"108":0,"109":0,"110":0},"f":{"0":0,"1":0,"2":0,"3":0,"4":0,"5":0,"6":0,"7":0,"8":0,"9":0,"10":0,"11":0,"12":0,"13":0,"14":0,"15":0},"b":{"0":[0,0],"1":[0,0],"2":[0,0],"3":[0,0],"4":[0,0],"5":[0,0],"6":[0,0],"7":[0,0],"8":[0,0],"9":[0,0],"10":[0,0],"11":[0,0],"12":[0,0],"13":[0,0],"14":[0,0],"15":[0,0],"16":[0,0],"17":[0,0],"18":[0,0,0],"19":[0,0,0],"20":[0,0],"21":[0,0],"22":[0,0,0],"23":[0,0,0,0,0,0],"24":[0,0,0,0,0],"25":[0,0,0],"26":[0,0],"27":[0,0],"28":[0,0,0],"29":[0,0],"30":[0,0],"31":[0,0],"32":[0,0],"33":[0,0],"34":[0,0],"35":[0,0],"36":[0,0],"37":[0,0],"38":[0,0],"39":[0,0],"40":[0,0]}}
,"/Users/stephen_bowman/Documents/GitHub/Script_Ohio_2.0/web_app/src/utils/predictionConstants.ts": {"path":"/Users/stephen_bowman/Documents/GitHub/Script_Ohio_2.0/web_app/src/utils/predictionConstants.ts","statementMap":{"0":{"start":{"line":11,"column":34},"end":{"line":20,"column":null}},"1":{"start":{"line":25,"column":36},"end":{"line":38,"column":null}},"2":{"start":{"line":43,"column":35},"end":{"line":60,"column":null}},"3":{"start":{"line":66,"column":32},"end":{"line":66,"column":null}},"4":{"start":{"line":72,"column":36},"end":{"line":72,"column":null}},"5":{"start":{"line":77,"column":36},"end":{"line":84,"column":null}},"6":{"start":{"line":90,"column":32},"end":{"line":97,"column":null}},"7":{"start":{"line":102,"column":30},"end":{"line":111,"column":null}}},"fnMap":{},"branchMap":{},"s":{"0":4,"1":4,"2":4,"3":4,"4":4,"5":4,"6":4,"7":4},"f":{},"b":{}}
,"/Users/stephen_bowman/Documents/GitHub/Script_Ohio_2.0/web_app/src/utils/predictionLogic.ts": {"path":"/Users/stephen_bowman/Documents/GitHub/Script_Ohio_2.0/web_app/src/utils/predictionLogic.ts","statementMap":{"0":{"start":{"line":19,"column":50},"end":{"line":24,"column":null}},"1":{"start":{"line":36,"column":27},"end":{"line":161,"column":null}},"2":{"start":{"line":37,"column":4},"end":{"line":160,"column":null}},"3":{"start":{"line":40,"column":106},"end":{"line":40,"column":null}},"4":{"start":{"line":43,"column":28},"end":{"line":43,"column":null}},"5":{"start":{"line":48,"column":4},"end":{"line":96,"column":null}},"6":{"start":{"line":51,"column":8},"end":{"line":55,"column":null}},"7":{"start":{"line":57,"column":4},"end":{"line":96,"column":null}},"8":{"start":{"line":59,"column":26},"end":{"line":59,"column":null}},"9":{"start":{"line":60,"column":29},"end":{"line":60,"column":null}},"10":{"start":{"line":61,"column":14},"end":{"line":61,"column":null}},"11":{"start":{"line":62,"column":14},"end":{"line":62,"column":null}},"12":{"start":{"line":65,"column":8},"end":{"line":69,"column":null}},"13":{"start":{"line":71,"column":4},"end":{"line":96,"column":null}},"14":{"start":{"line":74,"column":19},"end":{"line":74,"column":null}},"15":{"start":{"line":75,"column":19},"end":{"line":75,"column":null}},"16":{"start":{"line":76,"column":19},"end":{"line":76,"column":null}},"17":{"start":{"line":77,"column":19},"end":{"line":77,"column":null}},"18":{"start":{"line":79,"column":8},"end":{"line":79,"column":null}},"19":{"start":{"line":82,"column":22},"end":{"line":82,"column":null}},"20":{"start":{"line":83,"column":24},"end":{"line":83,"column":null}},"21":{"start":{"line":84,"column":23},"end":{"line":84,"column":null}},"22":{"start":{"line":87,"column":28},"end":{"line":89,"column":null}},"23":{"start":{"line":91,"column":8},"end":{"line":94,"column":null}},"24":{"start":{"line":99,"column":4},"end":{"line":99,"column":null}},"25":{"start":{"line":102,"column":22},"end":{"line":102,"column":null}},"26":{"start":{"line":103,"column":23},"end":{"line":103,"column":null}},"27":{"start":{"line":111,"column":22},"end":{"line":111,"column":null}},"28":{"start":{"line":112,"column":25},"end":{"line":112,"column":null}},"29":{"start":{"line":113,"column":24},"end":{"line":115,"column":null}},"30":{"start":{"line":123,"column":4},"end":{"line":139,"column":null}},"31":{"start":{"line":124,"column":8},"end":{"line":124,"column":null}},"32":{"start":{"line":125,"column":4},"end":{"line":139,"column":null}},"33":{"start":{"line":129,"column":27},"end":{"line":129,"column":null}},"34":{"start":{"line":130,"column":30},"end":{"line":130,"column":null}},"35":{"start":{"line":131,"column":8},"end":{"line":131,"column":null}},"36":{"start":{"line":136,"column":27},"end":{"line":136,"column":null}},"37":{"start":{"line":137,"column":30},"end":{"line":137,"column":null}},"38":{"start":{"line":138,"column":8},"end":{"line":138,"column":null}},"39":{"start":{"line":141,"column":4},"end":{"line":148,"column":null}},"40":{"start":{"line":151,"column":8},"end":{"line":151,"column":null}},"41":{"start":{"line":152,"column":8},"end":{"line":159,"column":null}},"42":{"start":{"line":170,"column":35},"end":{"line":192,"column":null}},"43":{"start":{"line":171,"column":4},"end":{"line":191,"column":null}},"44":{"start":{"line":173,"column":19},"end":{"line":179,"column":null}},"45":{"start":{"line":173,"column":41},"end":{"line":179,"column":6}},"46":{"start":{"line":179,"column":23},"end":{"line":179,"column":48}},"47":{"start":{"line":182,"column":4},"end":{"line":186,"column":null}},"48":{"start":{"line":182,"column":73},"end":{"line":186,"column":6}},"49":{"start":{"line":189,"column":8},"end":{"line":189,"column":null}},"50":{"start":{"line":190,"column":8},"end":{"line":190,"column":null}}},"fnMap":{"0":{"name":"(anonymous_0)","decl":{"start":{"line":36,"column":27},"end":{"line":36,"column":28}},"loc":{"start":{"line":36,"column":129},"end":{"line":161,"column":null}}},"1":{"name":"(anonymous_1)","decl":{"start":{"line":170,"column":35},"end":{"line":170,"column":36}},"loc":{"start":{"line":170,"column":68},"end":{"line":192,"column":null}}},"2":{"name":"(anonymous_2)","decl":{"start":{"line":173,"column":35},"end":{"line":173,"column":41}},"loc":{"start":{"line":173,"column":41},"end":{"line":179,"column":6}}},"3":{"name":"(anonymous_3)","decl":{"start":{"line":179,"column":13},"end":{"line":179,"column":14}},"loc":{"start":{"line":179,"column":23},"end":{"line":179,"column":48}}},"4":{"name":"(anonymous_4)","decl":{"start":{"line":182,"column":57},"end":{"line":182,"column":58}},"loc":{"start":{"line":182,"column":73},"end":{"line":186,"column":6}}}},"branchMap":{"0":{"loc":{"start":{"line":43,"column":28},"end":{"line":43,"column":null}},"type":"cond-expr","locations":[{"start":{"line":43,"column":44},"end":{"line":43,"column":63}},{"start":{"line":43,"column":63},"end":{"line":43,"column":null}}]},"1":{"loc":{"start":{"line":48,"column":4},"end":{"line":96,"column":null}},"type":"if","locations":[{"start":{"line":48,"column":4},"end":{"line":96,"column":null}},{"start":{"line":57,"column":4},"end":{"line":96,"column":null}}]},"2":{"loc":{"start":{"line":57,"column":4},"end":{"line":96,"column":null}},"type":"if","locations":[{"start":{"line":57,"column":4},"end":{"line":96,"column":null}},{"start":{"line":71,"column":4},"end":{"line":96,"column":null}}]},"3":{"loc":{"start":{"line":71,"column":4},"end":{"line":96,"column":null}},"type":"if","locations":[{"start":{"line":71,"column":4},"end":{"line":96,"column":null}},{"start":{"line":80,"column":11},"end":{"line":96,"column":null}}]},"4":{"loc":{"start":{"line":113,"column":24},"end":{"line":115,"column":null}},"type":"cond-expr","locations":[{"start":{"line":113,"column":65},"end":{"line":113,"column":null}},{"start":{"line":114,"column":8},"end":{"line":115,"column":null}}]},"5":{"loc":{"start":{"line":114,"column":8},"end":{"line":115,"column":null}},"type":"cond-expr","locations":[{"start":{"line":114,"column":51},"end":{"line":114,"column":null}},{"start":{"line":115,"column":12},"end":{"line":115,"column":null}}]},"6":{"loc":{"start":{"line":115,"column":12},"end":{"line":115,"column":null}},"type":"cond-expr","locations":[{"start":{"line":115,"column":53},"end":{"line":115,"column":70}},{"start":{"line":115,"column":70},"end":{"line":115,"column":null}}]},"7":{"loc":{"start":{"line":123,"column":4},"end":{"line":139,"column":null}},"type":"if","locations":[{"start":{"line":123,"column":4},"end":{"line":139,"column":null}},{"start":{"line":125,"column":4},"end":{"line":139,"column":null}}]},"8":{"loc":{"start":{"line":125,"column":4},"end":{"line":139,"column":null}},"type":"if","locations":[{"start":{"line":125,"column":4},"end":{"line":139,"column":null}},{"start":{"line":132,"column":11},"end":{"line":139,"column":null}}]},"9":{"loc":{"start":{"line":129,"column":27},"end":{"line":129,"column":null}},"type":"cond-expr","locations":[{"start":{"line":129,"column":46},"end":{"line":129,"column":61}},{"start":{"line":129,"column":61},"end":{"line":129,"column":null}}]},"10":{"loc":{"start":{"line":130,"column":30},"end":{"line":130,"column":null}},"type":"cond-expr","locations":[{"start":{"line":130,"column":48},"end":{"line":130,"column":67}},{"start":{"line":130,"column":67},"end":{"line":130,"column":null}}]},"11":{"loc":{"start":{"line":136,"column":27},"end":{"line":136,"column":null}},"type":"cond-expr","locations":[{"start":{"line":136,"column":46},"end":{"line":136,"column":60}},{"start":{"line":136,"column":60},"end":{"line":136,"column":null}}]},"12":{"loc":{"start":{"line":137,"column":30},"end":{"line":137,"column":null}},"type":"cond-expr","locations":[{"start":{"line":137,"column":48},"end":{"line":137,"column":67}},{"start":{"line":137,"column":67},"end":{"line":137,"column":null}}]},"13":{"loc":{"start":{"line":146,"column":16},"end":{"line":146,"column":null}},"type":"cond-expr","locations":[{"start":{"line":146,"column":38},"end":{"line":146,"column":55}},{"start":{"line":146,"column":55},"end":{"line":146,"column":null}}]},"14":{"loc":{"start":{"line":176,"column":13},"end":{"line":178,"column":null}},"type":"cond-expr","locations":[{"start":{"line":177,"column":18},"end":{"line":177,"column":null}},{"start":{"line":178,"column":18},"end":{"line":178,"column":null}}]}},"s":{"0":4,"1":4,"2":39,"3":39,"4":39,"5":39,"6":26,"7":13,"8":5,"9":5,"10":5,"11":5,"12":5,"13":8,"14":5,"15":5,"16":5,"17":5,"18":5,"19":3,"20":3,"21":3,"22":3,"23":3,"24":39,"25":39,"26":39,"27":39,"28":39,"29":39,"30":39,"31":0,"32":39,"33":26,"34":26,"35":26,"36":13,"37":13,"38":13,"39":39,"40":0,"41":0,"42":4,"43":5,"44":5,"45":19,"46":15,"47":5,"48":14,"49":0,"50":0},"f":{"0":39,"1":5,"2":19,"3":15,"4":14},"b":{"0":[12,27],"1":[26,13],"2":[5,8],"3":[5,3],"4":[12,27],"5":[3,24],"6":[2,22],"7":[0,39],"8":[26,13],"9":[26,0],"10":[0,26],"11":[13,0],"12":[13,0],"13":[28,11],"14":[1,18]}}
}
